  CREATE_STREAM @0 {NAME:seq T:TVM SCOPE:uvm_test_top.env_h.mst.sqr STREAM:1}
BEGIN @0 {TXH:2 STREAM:1 NAME:seq TIME=0  TYPE="Begin_No_Parent, Link" LABEL:"" DESC=""}
BEGIN @25 {TXH:3 STREAM:1 NAME:tx TIME=0  TYPE="Begin_End, Link" LABEL:"" DESC=""}
  LINK @25 {TXH1:2 TXH2:3 RELATION=child}
  SET_ATTR @25 {TXH:3 NAME:A VALUE:731014105   RADIX:UVM_HEX BITS=32}
  SET_ATTR @25 {TXH:3 NAME:B VALUE:175121917   RADIX:UVM_HEX BITS=32}
END @25 {TXH:3 TIME=0}
FREE @25 {TXH:3}
  CREATE_STREAM @25 {NAME:driver T:TVM SCOPE:uvm_test_top.env_h.mst.drv STREAM:4}
BEGIN @25 {TXH:5 STREAM:4 NAME:tx TIME=0  TYPE="Begin_End, Link" LABEL:"" DESC=""}
  LINK @25 {TXH1:2 TXH2:5 RELATION=child}
  SET_ATTR @35 {TXH:5 NAME:A VALUE:731014105   RADIX:UVM_HEX BITS=32}
  SET_ATTR @35 {TXH:5 NAME:B VALUE:175121917   RADIX:UVM_HEX BITS=32}
END @35 {TXH:5 TIME=0}
FREE @35 {TXH:5}
  CREATE_STREAM @35 {NAME:monitor T:TVM SCOPE:uvm_test_top.env_h.mst.mon STREAM:6}
BEGIN @35 {TXH:7 STREAM:6 NAME:tr TIME=0  TYPE="Begin_No_Parent, Link" LABEL:"" DESC=""}
  SET_ATTR @45 {TXH:7 NAME:A VALUE:731014105   RADIX:UVM_HEX BITS=32}
  SET_ATTR @45 {TXH:7 NAME:B VALUE:175121917   RADIX:UVM_HEX BITS=32}
END @45 {TXH:7 TIME=0}
FREE @45 {TXH:7}
BEGIN @55 {TXH:8 STREAM:1 NAME:tx TIME=0  TYPE="Begin_End, Link" LABEL:"" DESC=""}
  LINK @55 {TXH1:2 TXH2:8 RELATION=child}
  SET_ATTR @55 {TXH:8 NAME:A VALUE:80379531   RADIX:UVM_HEX BITS=32}
  SET_ATTR @55 {TXH:8 NAME:B VALUE:2702342644   RADIX:UVM_HEX BITS=32}
END @55 {TXH:8 TIME=0}
FREE @55 {TXH:8}
BEGIN @55 {TXH:9 STREAM:4 NAME:tx TIME=0  TYPE="Begin_End, Link" LABEL:"" DESC=""}
  LINK @55 {TXH1:2 TXH2:9 RELATION=child}
  CREATE_STREAM @85 {NAME:monitor_out T:TVM SCOPE:uvm_test_top.env_h.slv.mon_out STREAM:10}
BEGIN @85 {TXH:11 STREAM:10 NAME:tr TIME=0  TYPE="Begin_No_Parent, Link" LABEL:"" DESC=""}
BEGIN @95 {TXH:12 STREAM:6 NAME:tr TIME=0  TYPE="Begin_No_Parent, Link" LABEL:"" DESC=""}
  SET_ATTR @95 {TXH:9 NAME:A VALUE:80379531   RADIX:UVM_HEX BITS=32}
  SET_ATTR @95 {TXH:9 NAME:B VALUE:2702342644   RADIX:UVM_HEX BITS=32}
END @95 {TXH:9 TIME=0}
FREE @95 {TXH:9}
  SET_ATTR @95 {TXH:11 NAME:data VALUE:X   RADIX:UVM_HEX BITS=32}
END @95 {TXH:11 TIME=0}
FREE @95 {TXH:11}
  SET_ATTR @105 {TXH:12 NAME:A VALUE:80379531   RADIX:UVM_HEX BITS=32}
  SET_ATTR @105 {TXH:12 NAME:B VALUE:2702342644   RADIX:UVM_HEX BITS=32}
END @105 {TXH:12 TIME=0}
FREE @105 {TXH:12}
BEGIN @115 {TXH:13 STREAM:1 NAME:tx TIME=0  TYPE="Begin_End, Link" LABEL:"" DESC=""}
  LINK @115 {TXH1:2 TXH2:13 RELATION=child}
  SET_ATTR @115 {TXH:13 NAME:A VALUE:260878708   RADIX:UVM_HEX BITS=32}
  SET_ATTR @115 {TXH:13 NAME:B VALUE:3812952346   RADIX:UVM_HEX BITS=32}
END @115 {TXH:13 TIME=0}
FREE @115 {TXH:13}
BEGIN @115 {TXH:14 STREAM:4 NAME:tx TIME=0  TYPE="Begin_End, Link" LABEL:"" DESC=""}
  LINK @115 {TXH1:2 TXH2:14 RELATION=child}
BEGIN @145 {TXH:15 STREAM:10 NAME:tr TIME=0  TYPE="Begin_No_Parent, Link" LABEL:"" DESC=""}
BEGIN @155 {TXH:16 STREAM:6 NAME:tr TIME=0  TYPE="Begin_No_Parent, Link" LABEL:"" DESC=""}
  SET_ATTR @155 {TXH:14 NAME:A VALUE:260878708   RADIX:UVM_HEX BITS=32}
  SET_ATTR @155 {TXH:14 NAME:B VALUE:3812952346   RADIX:UVM_HEX BITS=32}
END @155 {TXH:14 TIME=0}
FREE @155 {TXH:14}
  SET_ATTR @155 {TXH:15 NAME:data VALUE:2147483648   RADIX:UVM_HEX BITS=32}
END @155 {TXH:15 TIME=0}
FREE @155 {TXH:15}
  SET_ATTR @165 {TXH:16 NAME:A VALUE:260878708   RADIX:UVM_HEX BITS=32}
  SET_ATTR @165 {TXH:16 NAME:B VALUE:3812952346   RADIX:UVM_HEX BITS=32}
END @165 {TXH:16 TIME=0}
FREE @165 {TXH:16}
BEGIN @175 {TXH:17 STREAM:1 NAME:tx TIME=0  TYPE="Begin_End, Link" LABEL:"" DESC=""}
  LINK @175 {TXH1:2 TXH2:17 RELATION=child}
  SET_ATTR @175 {TXH:17 NAME:A VALUE:4264621708   RADIX:UVM_HEX BITS=32}
  SET_ATTR @175 {TXH:17 NAME:B VALUE:4099804783   RADIX:UVM_HEX BITS=32}
END @175 {TXH:17 TIME=0}
FREE @175 {TXH:17}
BEGIN @175 {TXH:18 STREAM:4 NAME:tx TIME=0  TYPE="Begin_End, Link" LABEL:"" DESC=""}
  LINK @175 {TXH1:2 TXH2:18 RELATION=child}
BEGIN @205 {TXH:19 STREAM:10 NAME:tr TIME=0  TYPE="Begin_No_Parent, Link" LABEL:"" DESC=""}
BEGIN @215 {TXH:20 STREAM:6 NAME:tr TIME=0  TYPE="Begin_No_Parent, Link" LABEL:"" DESC=""}
  SET_ATTR @215 {TXH:18 NAME:A VALUE:4264621708   RADIX:UVM_HEX BITS=32}
  SET_ATTR @215 {TXH:18 NAME:B VALUE:4099804783   RADIX:UVM_HEX BITS=32}
END @215 {TXH:18 TIME=0}
FREE @215 {TXH:18}
  SET_ATTR @215 {TXH:19 NAME:data VALUE:3008926494   RADIX:UVM_HEX BITS=32}
END @215 {TXH:19 TIME=0}
FREE @215 {TXH:19}
  SET_ATTR @225 {TXH:20 NAME:A VALUE:4264621708   RADIX:UVM_HEX BITS=32}
  SET_ATTR @225 {TXH:20 NAME:B VALUE:4099804783   RADIX:UVM_HEX BITS=32}
END @225 {TXH:20 TIME=0}
FREE @225 {TXH:20}
BEGIN @235 {TXH:21 STREAM:1 NAME:tx TIME=0  TYPE="Begin_End, Link" LABEL:"" DESC=""}
  LINK @235 {TXH1:2 TXH2:21 RELATION=child}
  SET_ATTR @235 {TXH:21 NAME:A VALUE:2682128719   RADIX:UVM_HEX BITS=32}
  SET_ATTR @235 {TXH:21 NAME:B VALUE:3715728877   RADIX:UVM_HEX BITS=32}
END @235 {TXH:21 TIME=0}
FREE @235 {TXH:21}
BEGIN @235 {TXH:22 STREAM:4 NAME:tx TIME=0  TYPE="Begin_End, Link" LABEL:"" DESC=""}
  LINK @235 {TXH1:2 TXH2:22 RELATION=child}
BEGIN @265 {TXH:23 STREAM:10 NAME:tr TIME=0  TYPE="Begin_No_Parent, Link" LABEL:"" DESC=""}
BEGIN @275 {TXH:24 STREAM:6 NAME:tr TIME=0  TYPE="Begin_No_Parent, Link" LABEL:"" DESC=""}
  SET_ATTR @275 {TXH:22 NAME:A VALUE:2682128719   RADIX:UVM_HEX BITS=32}
  SET_ATTR @275 {TXH:22 NAME:B VALUE:3715728877   RADIX:UVM_HEX BITS=32}
END @275 {TXH:22 TIME=0}
FREE @275 {TXH:22}
  SET_ATTR @275 {TXH:23 NAME:data VALUE:2139095040   RADIX:UVM_HEX BITS=32}
END @275 {TXH:23 TIME=0}
FREE @275 {TXH:23}
  SET_ATTR @285 {TXH:24 NAME:A VALUE:2682128719   RADIX:UVM_HEX BITS=32}
  SET_ATTR @285 {TXH:24 NAME:B VALUE:3715728877   RADIX:UVM_HEX BITS=32}
END @285 {TXH:24 TIME=0}
FREE @285 {TXH:24}
BEGIN @295 {TXH:25 STREAM:1 NAME:tx TIME=0  TYPE="Begin_End, Link" LABEL:"" DESC=""}
  LINK @295 {TXH1:2 TXH2:25 RELATION=child}
  SET_ATTR @295 {TXH:25 NAME:A VALUE:140412694   RADIX:UVM_HEX BITS=32}
  SET_ATTR @295 {TXH:25 NAME:B VALUE:1111608308   RADIX:UVM_HEX BITS=32}
END @295 {TXH:25 TIME=0}
FREE @295 {TXH:25}
BEGIN @295 {TXH:26 STREAM:4 NAME:tx TIME=0  TYPE="Begin_End, Link" LABEL:"" DESC=""}
  LINK @295 {TXH1:2 TXH2:26 RELATION=child}
BEGIN @325 {TXH:27 STREAM:10 NAME:tr TIME=0  TYPE="Begin_No_Parent, Link" LABEL:"" DESC=""}
BEGIN @335 {TXH:28 STREAM:6 NAME:tr TIME=0  TYPE="Begin_No_Parent, Link" LABEL:"" DESC=""}
  SET_ATTR @335 {TXH:26 NAME:A VALUE:140412694   RADIX:UVM_HEX BITS=32}
  SET_ATTR @335 {TXH:26 NAME:B VALUE:1111608308   RADIX:UVM_HEX BITS=32}
END @335 {TXH:26 TIME=0}
FREE @335 {TXH:26}
  SET_ATTR @335 {TXH:27 NAME:data VALUE:1037593398   RADIX:UVM_HEX BITS=32}
END @335 {TXH:27 TIME=0}
FREE @335 {TXH:27}
  SET_ATTR @345 {TXH:28 NAME:A VALUE:140412694   RADIX:UVM_HEX BITS=32}
  SET_ATTR @345 {TXH:28 NAME:B VALUE:1111608308   RADIX:UVM_HEX BITS=32}
END @345 {TXH:28 TIME=0}
FREE @345 {TXH:28}
BEGIN @355 {TXH:29 STREAM:1 NAME:tx TIME=0  TYPE="Begin_End, Link" LABEL:"" DESC=""}
  LINK @355 {TXH1:2 TXH2:29 RELATION=child}
  SET_ATTR @355 {TXH:29 NAME:A VALUE:3761234779   RADIX:UVM_HEX BITS=32}
  SET_ATTR @355 {TXH:29 NAME:B VALUE:3947285453   RADIX:UVM_HEX BITS=32}
END @355 {TXH:29 TIME=0}
FREE @355 {TXH:29}
BEGIN @355 {TXH:30 STREAM:4 NAME:tx TIME=0  TYPE="Begin_End, Link" LABEL:"" DESC=""}
  LINK @355 {TXH1:2 TXH2:30 RELATION=child}
BEGIN @385 {TXH:31 STREAM:10 NAME:tr TIME=0  TYPE="Begin_No_Parent, Link" LABEL:"" DESC=""}
BEGIN @395 {TXH:32 STREAM:6 NAME:tr TIME=0  TYPE="Begin_No_Parent, Link" LABEL:"" DESC=""}
  SET_ATTR @395 {TXH:30 NAME:A VALUE:3761234779   RADIX:UVM_HEX BITS=32}
  SET_ATTR @395 {TXH:30 NAME:B VALUE:3947285453   RADIX:UVM_HEX BITS=32}
END @395 {TXH:30 TIME=0}
FREE @395 {TXH:30}
  SET_ATTR @395 {TXH:31 NAME:data VALUE:187200801   RADIX:UVM_HEX BITS=32}
END @395 {TXH:31 TIME=0}
FREE @395 {TXH:31}
  SET_ATTR @405 {TXH:32 NAME:A VALUE:3761234779   RADIX:UVM_HEX BITS=32}
  SET_ATTR @405 {TXH:32 NAME:B VALUE:3947285453   RADIX:UVM_HEX BITS=32}
END @405 {TXH:32 TIME=0}
FREE @405 {TXH:32}
BEGIN @415 {TXH:33 STREAM:1 NAME:tx TIME=0  TYPE="Begin_End, Link" LABEL:"" DESC=""}
  LINK @415 {TXH1:2 TXH2:33 RELATION=child}
  SET_ATTR @415 {TXH:33 NAME:A VALUE:2531376513   RADIX:UVM_HEX BITS=32}
  SET_ATTR @415 {TXH:33 NAME:B VALUE:3371244592   RADIX:UVM_HEX BITS=32}
END @415 {TXH:33 TIME=0}
FREE @415 {TXH:33}
BEGIN @415 {TXH:34 STREAM:4 NAME:tx TIME=0  TYPE="Begin_End, Link" LABEL:"" DESC=""}
  LINK @415 {TXH1:2 TXH2:34 RELATION=child}
BEGIN @445 {TXH:35 STREAM:10 NAME:tr TIME=0  TYPE="Begin_No_Parent, Link" LABEL:"" DESC=""}
BEGIN @455 {TXH:36 STREAM:6 NAME:tr TIME=0  TYPE="Begin_No_Parent, Link" LABEL:"" DESC=""}
  SET_ATTR @455 {TXH:34 NAME:A VALUE:2531376513   RADIX:UVM_HEX BITS=32}
  SET_ATTR @455 {TXH:34 NAME:B VALUE:3371244592   RADIX:UVM_HEX BITS=32}
END @455 {TXH:34 TIME=0}
FREE @455 {TXH:34}
  SET_ATTR @455 {TXH:35 NAME:data VALUE:2139095040   RADIX:UVM_HEX BITS=32}
END @455 {TXH:35 TIME=0}
FREE @455 {TXH:35}
  SET_ATTR @465 {TXH:36 NAME:A VALUE:2531376513   RADIX:UVM_HEX BITS=32}
  SET_ATTR @465 {TXH:36 NAME:B VALUE:3371244592   RADIX:UVM_HEX BITS=32}
END @465 {TXH:36 TIME=0}
FREE @465 {TXH:36}
BEGIN @475 {TXH:37 STREAM:1 NAME:tx TIME=0  TYPE="Begin_End, Link" LABEL:"" DESC=""}
  LINK @475 {TXH1:2 TXH2:37 RELATION=child}
  SET_ATTR @475 {TXH:37 NAME:A VALUE:3872680796   RADIX:UVM_HEX BITS=32}
  SET_ATTR @475 {TXH:37 NAME:B VALUE:3462746173   RADIX:UVM_HEX BITS=32}
END @475 {TXH:37 TIME=0}
FREE @475 {TXH:37}
BEGIN @475 {TXH:38 STREAM:4 NAME:tx TIME=0  TYPE="Begin_End, Link" LABEL:"" DESC=""}
  LINK @475 {TXH1:2 TXH2:38 RELATION=child}
BEGIN @505 {TXH:39 STREAM:10 NAME:tr TIME=0  TYPE="Begin_No_Parent, Link" LABEL:"" DESC=""}
BEGIN @515 {TXH:40 STREAM:6 NAME:tr TIME=0  TYPE="Begin_No_Parent, Link" LABEL:"" DESC=""}
  SET_ATTR @515 {TXH:38 NAME:A VALUE:3872680796   RADIX:UVM_HEX BITS=32}
  SET_ATTR @515 {TXH:38 NAME:B VALUE:3462746173   RADIX:UVM_HEX BITS=32}
END @515 {TXH:38 TIME=0}
FREE @515 {TXH:38}
  SET_ATTR @515 {TXH:39 NAME:data VALUE:542415937   RADIX:UVM_HEX BITS=32}
END @515 {TXH:39 TIME=0}
FREE @515 {TXH:39}
  SET_ATTR @525 {TXH:40 NAME:A VALUE:3872680796   RADIX:UVM_HEX BITS=32}
  SET_ATTR @525 {TXH:40 NAME:B VALUE:3462746173   RADIX:UVM_HEX BITS=32}
END @525 {TXH:40 TIME=0}
FREE @525 {TXH:40}
BEGIN @535 {TXH:41 STREAM:1 NAME:tx TIME=0  TYPE="Begin_End, Link" LABEL:"" DESC=""}
  LINK @535 {TXH1:2 TXH2:41 RELATION=child}
  SET_ATTR @535 {TXH:41 NAME:A VALUE:2373230244   RADIX:UVM_HEX BITS=32}
  SET_ATTR @535 {TXH:41 NAME:B VALUE:2938263881   RADIX:UVM_HEX BITS=32}
END @535 {TXH:41 TIME=0}
FREE @535 {TXH:41}
BEGIN @535 {TXH:42 STREAM:4 NAME:tx TIME=0  TYPE="Begin_End, Link" LABEL:"" DESC=""}
  LINK @535 {TXH1:2 TXH2:42 RELATION=child}
BEGIN @565 {TXH:43 STREAM:10 NAME:tr TIME=0  TYPE="Begin_No_Parent, Link" LABEL:"" DESC=""}
BEGIN @575 {TXH:44 STREAM:6 NAME:tr TIME=0  TYPE="Begin_No_Parent, Link" LABEL:"" DESC=""}
  SET_ATTR @575 {TXH:42 NAME:A VALUE:2373230244   RADIX:UVM_HEX BITS=32}
  SET_ATTR @575 {TXH:42 NAME:B VALUE:2938263881   RADIX:UVM_HEX BITS=32}
END @575 {TXH:42 TIME=0}
FREE @575 {TXH:42}
  SET_ATTR @575 {TXH:43 NAME:data VALUE:1975404189   RADIX:UVM_HEX BITS=32}
END @575 {TXH:43 TIME=0}
FREE @575 {TXH:43}
  SET_ATTR @585 {TXH:44 NAME:A VALUE:2373230244   RADIX:UVM_HEX BITS=32}
  SET_ATTR @585 {TXH:44 NAME:B VALUE:2938263881   RADIX:UVM_HEX BITS=32}
END @585 {TXH:44 TIME=0}
FREE @585 {TXH:44}
BEGIN @595 {TXH:45 STREAM:1 NAME:tx TIME=0  TYPE="Begin_End, Link" LABEL:"" DESC=""}
  LINK @595 {TXH1:2 TXH2:45 RELATION=child}
  SET_ATTR @595 {TXH:45 NAME:A VALUE:1541776121   RADIX:UVM_HEX BITS=32}
  SET_ATTR @595 {TXH:45 NAME:B VALUE:1428688626   RADIX:UVM_HEX BITS=32}
END @595 {TXH:45 TIME=0}
FREE @595 {TXH:45}
BEGIN @595 {TXH:46 STREAM:4 NAME:tx TIME=0  TYPE="Begin_End, Link" LABEL:"" DESC=""}
  LINK @595 {TXH1:2 TXH2:46 RELATION=child}
BEGIN @625 {TXH:47 STREAM:10 NAME:tr TIME=0  TYPE="Begin_No_Parent, Link" LABEL:"" DESC=""}
BEGIN @635 {TXH:48 STREAM:6 NAME:tr TIME=0  TYPE="Begin_No_Parent, Link" LABEL:"" DESC=""}
  SET_ATTR @635 {TXH:46 NAME:A VALUE:1541776121   RADIX:UVM_HEX BITS=32}
  SET_ATTR @635 {TXH:46 NAME:B VALUE:1428688626   RADIX:UVM_HEX BITS=32}
END @635 {TXH:46 TIME=0}
FREE @635 {TXH:46}
  SET_ATTR @635 {TXH:47 NAME:data VALUE:0   RADIX:UVM_HEX BITS=32}
END @635 {TXH:47 TIME=0}
FREE @635 {TXH:47}
  SET_ATTR @645 {TXH:48 NAME:A VALUE:1541776121   RADIX:UVM_HEX BITS=32}
  SET_ATTR @645 {TXH:48 NAME:B VALUE:1428688626   RADIX:UVM_HEX BITS=32}
END @645 {TXH:48 TIME=0}
FREE @645 {TXH:48}
BEGIN @655 {TXH:49 STREAM:1 NAME:tx TIME=0  TYPE="Begin_End, Link" LABEL:"" DESC=""}
  LINK @655 {TXH1:2 TXH2:49 RELATION=child}
  SET_ATTR @655 {TXH:49 NAME:A VALUE:3393944429   RADIX:UVM_HEX BITS=32}
  SET_ATTR @655 {TXH:49 NAME:B VALUE:3716857736   RADIX:UVM_HEX BITS=32}
END @655 {TXH:49 TIME=0}
FREE @655 {TXH:49}
BEGIN @655 {TXH:50 STREAM:4 NAME:tx TIME=0  TYPE="Begin_End, Link" LABEL:"" DESC=""}
  LINK @655 {TXH1:2 TXH2:50 RELATION=child}
BEGIN @685 {TXH:51 STREAM:10 NAME:tr TIME=0  TYPE="Begin_No_Parent, Link" LABEL:"" DESC=""}
BEGIN @695 {TXH:52 STREAM:6 NAME:tr TIME=0  TYPE="Begin_No_Parent, Link" LABEL:"" DESC=""}
  SET_ATTR @695 {TXH:50 NAME:A VALUE:3393944429   RADIX:UVM_HEX BITS=32}
  SET_ATTR @695 {TXH:50 NAME:B VALUE:3716857736   RADIX:UVM_HEX BITS=32}
END @695 {TXH:50 TIME=0}
FREE @695 {TXH:50}
  SET_ATTR @695 {TXH:51 NAME:data VALUE:1905705051   RADIX:UVM_HEX BITS=32}
END @695 {TXH:51 TIME=0}
FREE @695 {TXH:51}
  SET_ATTR @705 {TXH:52 NAME:A VALUE:3393944429   RADIX:UVM_HEX BITS=32}
  SET_ATTR @705 {TXH:52 NAME:B VALUE:3716857736   RADIX:UVM_HEX BITS=32}
END @705 {TXH:52 TIME=0}
FREE @705 {TXH:52}
BEGIN @715 {TXH:53 STREAM:1 NAME:tx TIME=0  TYPE="Begin_End, Link" LABEL:"" DESC=""}
  LINK @715 {TXH1:2 TXH2:53 RELATION=child}
  SET_ATTR @715 {TXH:53 NAME:A VALUE:1712994403   RADIX:UVM_HEX BITS=32}
  SET_ATTR @715 {TXH:53 NAME:B VALUE:601358051   RADIX:UVM_HEX BITS=32}
END @715 {TXH:53 TIME=0}
FREE @715 {TXH:53}
BEGIN @715 {TXH:54 STREAM:4 NAME:tx TIME=0  TYPE="Begin_End, Link" LABEL:"" DESC=""}
  LINK @715 {TXH1:2 TXH2:54 RELATION=child}
BEGIN @745 {TXH:55 STREAM:10 NAME:tr TIME=0  TYPE="Begin_No_Parent, Link" LABEL:"" DESC=""}
BEGIN @755 {TXH:56 STREAM:6 NAME:tr TIME=0  TYPE="Begin_No_Parent, Link" LABEL:"" DESC=""}
  SET_ATTR @755 {TXH:54 NAME:A VALUE:1712994403   RADIX:UVM_HEX BITS=32}
  SET_ATTR @755 {TXH:54 NAME:B VALUE:601358051   RADIX:UVM_HEX BITS=32}
END @755 {TXH:54 TIME=0}
FREE @755 {TXH:54}
  SET_ATTR @755 {TXH:55 NAME:data VALUE:1750897036   RADIX:UVM_HEX BITS=32}
END @755 {TXH:55 TIME=0}
FREE @755 {TXH:55}
  SET_ATTR @765 {TXH:56 NAME:A VALUE:1712994403   RADIX:UVM_HEX BITS=32}
  SET_ATTR @765 {TXH:56 NAME:B VALUE:601358051   RADIX:UVM_HEX BITS=32}
END @765 {TXH:56 TIME=0}
FREE @765 {TXH:56}
BEGIN @775 {TXH:57 STREAM:1 NAME:tx TIME=0  TYPE="Begin_End, Link" LABEL:"" DESC=""}
  LINK @775 {TXH1:2 TXH2:57 RELATION=child}
  SET_ATTR @775 {TXH:57 NAME:A VALUE:3547324387   RADIX:UVM_HEX BITS=32}
  SET_ATTR @775 {TXH:57 NAME:B VALUE:350842963   RADIX:UVM_HEX BITS=32}
END @775 {TXH:57 TIME=0}
FREE @775 {TXH:57}
BEGIN @775 {TXH:58 STREAM:4 NAME:tx TIME=0  TYPE="Begin_End, Link" LABEL:"" DESC=""}
  LINK @775 {TXH1:2 TXH2:58 RELATION=child}
BEGIN @805 {TXH:59 STREAM:10 NAME:tr TIME=0  TYPE="Begin_No_Parent, Link" LABEL:"" DESC=""}
BEGIN @815 {TXH:60 STREAM:6 NAME:tr TIME=0  TYPE="Begin_No_Parent, Link" LABEL:"" DESC=""}
  SET_ATTR @815 {TXH:58 NAME:A VALUE:3547324387   RADIX:UVM_HEX BITS=32}
  SET_ATTR @815 {TXH:58 NAME:B VALUE:350842963   RADIX:UVM_HEX BITS=32}
END @815 {TXH:58 TIME=0}
FREE @815 {TXH:58}
  SET_ATTR @815 {TXH:59 NAME:data VALUE:1250041576   RADIX:UVM_HEX BITS=32}
END @815 {TXH:59 TIME=0}
FREE @815 {TXH:59}
  SET_ATTR @825 {TXH:60 NAME:A VALUE:3547324387   RADIX:UVM_HEX BITS=32}
  SET_ATTR @825 {TXH:60 NAME:B VALUE:350842963   RADIX:UVM_HEX BITS=32}
END @825 {TXH:60 TIME=0}
FREE @825 {TXH:60}
BEGIN @835 {TXH:61 STREAM:1 NAME:tx TIME=0  TYPE="Begin_End, Link" LABEL:"" DESC=""}
  LINK @835 {TXH1:2 TXH2:61 RELATION=child}
  SET_ATTR @835 {TXH:61 NAME:A VALUE:91952929   RADIX:UVM_HEX BITS=32}
  SET_ATTR @835 {TXH:61 NAME:B VALUE:1965175865   RADIX:UVM_HEX BITS=32}
END @835 {TXH:61 TIME=0}
FREE @835 {TXH:61}
BEGIN @835 {TXH:62 STREAM:4 NAME:tx TIME=0  TYPE="Begin_End, Link" LABEL:"" DESC=""}
  LINK @835 {TXH1:2 TXH2:62 RELATION=child}
BEGIN @865 {TXH:63 STREAM:10 NAME:tr TIME=0  TYPE="Begin_No_Parent, Link" LABEL:"" DESC=""}
BEGIN @875 {TXH:64 STREAM:6 NAME:tr TIME=0  TYPE="Begin_No_Parent, Link" LABEL:"" DESC=""}
  SET_ATTR @875 {TXH:62 NAME:A VALUE:91952929   RADIX:UVM_HEX BITS=32}
  SET_ATTR @875 {TXH:62 NAME:B VALUE:1965175865   RADIX:UVM_HEX BITS=32}
END @875 {TXH:62 TIME=0}
FREE @875 {TXH:62}
  SET_ATTR @875 {TXH:63 NAME:data VALUE:2832907269   RADIX:UVM_HEX BITS=32}
END @875 {TXH:63 TIME=0}
FREE @875 {TXH:63}
  SET_ATTR @885 {TXH:64 NAME:A VALUE:91952929   RADIX:UVM_HEX BITS=32}
  SET_ATTR @885 {TXH:64 NAME:B VALUE:1965175865   RADIX:UVM_HEX BITS=32}
END @885 {TXH:64 TIME=0}
FREE @885 {TXH:64}
BEGIN @895 {TXH:65 STREAM:1 NAME:tx TIME=0  TYPE="Begin_End, Link" LABEL:"" DESC=""}
  LINK @895 {TXH1:2 TXH2:65 RELATION=child}
  SET_ATTR @895 {TXH:65 NAME:A VALUE:3072927006   RADIX:UVM_HEX BITS=32}
  SET_ATTR @895 {TXH:65 NAME:B VALUE:2608252870   RADIX:UVM_HEX BITS=32}
END @895 {TXH:65 TIME=0}
FREE @895 {TXH:65}
BEGIN @895 {TXH:66 STREAM:4 NAME:tx TIME=0  TYPE="Begin_End, Link" LABEL:"" DESC=""}
  LINK @895 {TXH1:2 TXH2:66 RELATION=child}
BEGIN @925 {TXH:67 STREAM:10 NAME:tr TIME=0  TYPE="Begin_No_Parent, Link" LABEL:"" DESC=""}
BEGIN @935 {TXH:68 STREAM:6 NAME:tr TIME=0  TYPE="Begin_No_Parent, Link" LABEL:"" DESC=""}
  SET_ATTR @935 {TXH:66 NAME:A VALUE:3072927006   RADIX:UVM_HEX BITS=32}
  SET_ATTR @935 {TXH:66 NAME:B VALUE:2608252870   RADIX:UVM_HEX BITS=32}
END @935 {TXH:66 TIME=0}
FREE @935 {TXH:66}
  SET_ATTR @935 {TXH:67 NAME:data VALUE:991893467   RADIX:UVM_HEX BITS=32}
END @935 {TXH:67 TIME=0}
FREE @935 {TXH:67}
  SET_ATTR @945 {TXH:68 NAME:A VALUE:3072927006   RADIX:UVM_HEX BITS=32}
  SET_ATTR @945 {TXH:68 NAME:B VALUE:2608252870   RADIX:UVM_HEX BITS=32}
END @945 {TXH:68 TIME=0}
FREE @945 {TXH:68}
BEGIN @955 {TXH:69 STREAM:1 NAME:tx TIME=0  TYPE="Begin_End, Link" LABEL:"" DESC=""}
  LINK @955 {TXH1:2 TXH2:69 RELATION=child}
  SET_ATTR @955 {TXH:69 NAME:A VALUE:876184097   RADIX:UVM_HEX BITS=32}
  SET_ATTR @955 {TXH:69 NAME:B VALUE:614306907   RADIX:UVM_HEX BITS=32}
END @955 {TXH:69 TIME=0}
FREE @955 {TXH:69}
BEGIN @955 {TXH:70 STREAM:4 NAME:tx TIME=0  TYPE="Begin_End, Link" LABEL:"" DESC=""}
  LINK @955 {TXH1:2 TXH2:70 RELATION=child}
BEGIN @985 {TXH:71 STREAM:10 NAME:tr TIME=0  TYPE="Begin_No_Parent, Link" LABEL:"" DESC=""}
BEGIN @995 {TXH:72 STREAM:6 NAME:tr TIME=0  TYPE="Begin_No_Parent, Link" LABEL:"" DESC=""}
  SET_ATTR @995 {TXH:70 NAME:A VALUE:876184097   RADIX:UVM_HEX BITS=32}
  SET_ATTR @995 {TXH:70 NAME:B VALUE:614306907   RADIX:UVM_HEX BITS=32}
END @995 {TXH:70 TIME=0}
FREE @995 {TXH:70}
  SET_ATTR @995 {TXH:71 NAME:data VALUE:321064362   RADIX:UVM_HEX BITS=32}
END @995 {TXH:71 TIME=0}
FREE @995 {TXH:71}
  SET_ATTR @1005 {TXH:72 NAME:A VALUE:876184097   RADIX:UVM_HEX BITS=32}
  SET_ATTR @1005 {TXH:72 NAME:B VALUE:614306907   RADIX:UVM_HEX BITS=32}
END @1005 {TXH:72 TIME=0}
FREE @1005 {TXH:72}
BEGIN @1015 {TXH:73 STREAM:1 NAME:tx TIME=0  TYPE="Begin_End, Link" LABEL:"" DESC=""}
  LINK @1015 {TXH1:2 TXH2:73 RELATION=child}
  SET_ATTR @1015 {TXH:73 NAME:A VALUE:1568767450   RADIX:UVM_HEX BITS=32}
  SET_ATTR @1015 {TXH:73 NAME:B VALUE:1075088082   RADIX:UVM_HEX BITS=32}
END @1015 {TXH:73 TIME=0}
FREE @1015 {TXH:73}
BEGIN @1015 {TXH:74 STREAM:4 NAME:tx TIME=0  TYPE="Begin_End, Link" LABEL:"" DESC=""}
  LINK @1015 {TXH1:2 TXH2:74 RELATION=child}
BEGIN @1045 {TXH:75 STREAM:10 NAME:tr TIME=0  TYPE="Begin_No_Parent, Link" LABEL:"" DESC=""}
BEGIN @1055 {TXH:76 STREAM:6 NAME:tr TIME=0  TYPE="Begin_No_Parent, Link" LABEL:"" DESC=""}
  SET_ATTR @1055 {TXH:74 NAME:A VALUE:1568767450   RADIX:UVM_HEX BITS=32}
  SET_ATTR @1055 {TXH:74 NAME:B VALUE:1075088082   RADIX:UVM_HEX BITS=32}
END @1055 {TXH:74 TIME=0}
FREE @1055 {TXH:74}
  SET_ATTR @1055 {TXH:75 NAME:data VALUE:426008735   RADIX:UVM_HEX BITS=32}
END @1055 {TXH:75 TIME=0}
FREE @1055 {TXH:75}
  SET_ATTR @1065 {TXH:76 NAME:A VALUE:1568767450   RADIX:UVM_HEX BITS=32}
  SET_ATTR @1065 {TXH:76 NAME:B VALUE:1075088082   RADIX:UVM_HEX BITS=32}
END @1065 {TXH:76 TIME=0}
FREE @1065 {TXH:76}
BEGIN @1075 {TXH:77 STREAM:1 NAME:tx TIME=0  TYPE="Begin_End, Link" LABEL:"" DESC=""}
  LINK @1075 {TXH1:2 TXH2:77 RELATION=child}
  SET_ATTR @1075 {TXH:77 NAME:A VALUE:1678953407   RADIX:UVM_HEX BITS=32}
  SET_ATTR @1075 {TXH:77 NAME:B VALUE:444558830   RADIX:UVM_HEX BITS=32}
END @1075 {TXH:77 TIME=0}
FREE @1075 {TXH:77}
BEGIN @1075 {TXH:78 STREAM:4 NAME:tx TIME=0  TYPE="Begin_End, Link" LABEL:"" DESC=""}
  LINK @1075 {TXH1:2 TXH2:78 RELATION=child}
BEGIN @1105 {TXH:79 STREAM:10 NAME:tr TIME=0  TYPE="Begin_No_Parent, Link" LABEL:"" DESC=""}
BEGIN @1115 {TXH:80 STREAM:6 NAME:tr TIME=0  TYPE="Begin_No_Parent, Link" LABEL:"" DESC=""}
  SET_ATTR @1115 {TXH:78 NAME:A VALUE:1678953407   RADIX:UVM_HEX BITS=32}
  SET_ATTR @1115 {TXH:78 NAME:B VALUE:444558830   RADIX:UVM_HEX BITS=32}
END @1115 {TXH:78 TIME=0}
FREE @1115 {TXH:78}
  SET_ATTR @1115 {TXH:79 NAME:data VALUE:1578518004   RADIX:UVM_HEX BITS=32}
END @1115 {TXH:79 TIME=0}
FREE @1115 {TXH:79}
  SET_ATTR @1125 {TXH:80 NAME:A VALUE:1678953407   RADIX:UVM_HEX BITS=32}
  SET_ATTR @1125 {TXH:80 NAME:B VALUE:444558830   RADIX:UVM_HEX BITS=32}
END @1125 {TXH:80 TIME=0}
FREE @1125 {TXH:80}
BEGIN @1135 {TXH:81 STREAM:1 NAME:tx TIME=0  TYPE="Begin_End, Link" LABEL:"" DESC=""}
  LINK @1135 {TXH1:2 TXH2:81 RELATION=child}
  SET_ATTR @1135 {TXH:81 NAME:A VALUE:1221817855   RADIX:UVM_HEX BITS=32}
  SET_ATTR @1135 {TXH:81 NAME:B VALUE:4159049667   RADIX:UVM_HEX BITS=32}
END @1135 {TXH:81 TIME=0}
FREE @1135 {TXH:81}
BEGIN @1135 {TXH:82 STREAM:4 NAME:tx TIME=0  TYPE="Begin_End, Link" LABEL:"" DESC=""}
  LINK @1135 {TXH1:2 TXH2:82 RELATION=child}
BEGIN @1165 {TXH:83 STREAM:10 NAME:tr TIME=0  TYPE="Begin_No_Parent, Link" LABEL:"" DESC=""}
BEGIN @1175 {TXH:84 STREAM:6 NAME:tr TIME=0  TYPE="Begin_No_Parent, Link" LABEL:"" DESC=""}
  SET_ATTR @1175 {TXH:82 NAME:A VALUE:1221817855   RADIX:UVM_HEX BITS=32}
  SET_ATTR @1175 {TXH:82 NAME:B VALUE:4159049667   RADIX:UVM_HEX BITS=32}
END @1175 {TXH:82 TIME=0}
FREE @1175 {TXH:82}
  SET_ATTR @1175 {TXH:83 NAME:data VALUE:1058174972   RADIX:UVM_HEX BITS=32}
END @1175 {TXH:83 TIME=0}
FREE @1175 {TXH:83}
  SET_ATTR @1185 {TXH:84 NAME:A VALUE:1221817855   RADIX:UVM_HEX BITS=32}
  SET_ATTR @1185 {TXH:84 NAME:B VALUE:4159049667   RADIX:UVM_HEX BITS=32}
END @1185 {TXH:84 TIME=0}
FREE @1185 {TXH:84}
BEGIN @1195 {TXH:85 STREAM:1 NAME:tx TIME=0  TYPE="Begin_End, Link" LABEL:"" DESC=""}
  LINK @1195 {TXH1:2 TXH2:85 RELATION=child}
  SET_ATTR @1195 {TXH:85 NAME:A VALUE:2630731409   RADIX:UVM_HEX BITS=32}
  SET_ATTR @1195 {TXH:85 NAME:B VALUE:42791131   RADIX:UVM_HEX BITS=32}
END @1195 {TXH:85 TIME=0}
FREE @1195 {TXH:85}
BEGIN @1195 {TXH:86 STREAM:4 NAME:tx TIME=0  TYPE="Begin_End, Link" LABEL:"" DESC=""}
  LINK @1195 {TXH1:2 TXH2:86 RELATION=child}
BEGIN @1225 {TXH:87 STREAM:10 NAME:tr TIME=0  TYPE="Begin_No_Parent, Link" LABEL:"" DESC=""}
BEGIN @1235 {TXH:88 STREAM:6 NAME:tr TIME=0  TYPE="Begin_No_Parent, Link" LABEL:"" DESC=""}
  SET_ATTR @1235 {TXH:86 NAME:A VALUE:2630731409   RADIX:UVM_HEX BITS=32}
  SET_ATTR @1235 {TXH:86 NAME:B VALUE:42791131   RADIX:UVM_HEX BITS=32}
END @1235 {TXH:86 TIME=0}
FREE @1235 {TXH:86}
  SET_ATTR @1235 {TXH:87 NAME:data VALUE:4286578688   RADIX:UVM_HEX BITS=32}
END @1235 {TXH:87 TIME=0}
FREE @1235 {TXH:87}
  SET_ATTR @1245 {TXH:88 NAME:A VALUE:2630731409   RADIX:UVM_HEX BITS=32}
  SET_ATTR @1245 {TXH:88 NAME:B VALUE:42791131   RADIX:UVM_HEX BITS=32}
END @1245 {TXH:88 TIME=0}
FREE @1245 {TXH:88}
BEGIN @1255 {TXH:89 STREAM:1 NAME:tx TIME=0  TYPE="Begin_End, Link" LABEL:"" DESC=""}
  LINK @1255 {TXH1:2 TXH2:89 RELATION=child}
  SET_ATTR @1255 {TXH:89 NAME:A VALUE:2606837867   RADIX:UVM_HEX BITS=32}
  SET_ATTR @1255 {TXH:89 NAME:B VALUE:3476886790   RADIX:UVM_HEX BITS=32}
END @1255 {TXH:89 TIME=0}
FREE @1255 {TXH:89}
BEGIN @1255 {TXH:90 STREAM:4 NAME:tx TIME=0  TYPE="Begin_End, Link" LABEL:"" DESC=""}
  LINK @1255 {TXH1:2 TXH2:90 RELATION=child}
BEGIN @1285 {TXH:91 STREAM:10 NAME:tr TIME=0  TYPE="Begin_No_Parent, Link" LABEL:"" DESC=""}
BEGIN @1295 {TXH:92 STREAM:6 NAME:tr TIME=0  TYPE="Begin_No_Parent, Link" LABEL:"" DESC=""}
  SET_ATTR @1295 {TXH:90 NAME:A VALUE:2606837867   RADIX:UVM_HEX BITS=32}
  SET_ATTR @1295 {TXH:90 NAME:B VALUE:3476886790   RADIX:UVM_HEX BITS=32}
END @1295 {TXH:90 TIME=0}
FREE @1295 {TXH:90}
  SET_ATTR @1295 {TXH:91 NAME:data VALUE:2147483648   RADIX:UVM_HEX BITS=32}
END @1295 {TXH:91 TIME=0}
FREE @1295 {TXH:91}
  SET_ATTR @1305 {TXH:92 NAME:A VALUE:2606837867   RADIX:UVM_HEX BITS=32}
  SET_ATTR @1305 {TXH:92 NAME:B VALUE:3476886790   RADIX:UVM_HEX BITS=32}
END @1305 {TXH:92 TIME=0}
FREE @1305 {TXH:92}
BEGIN @1315 {TXH:93 STREAM:1 NAME:tx TIME=0  TYPE="Begin_End, Link" LABEL:"" DESC=""}
  LINK @1315 {TXH1:2 TXH2:93 RELATION=child}
  SET_ATTR @1315 {TXH:93 NAME:A VALUE:3413573445   RADIX:UVM_HEX BITS=32}
  SET_ATTR @1315 {TXH:93 NAME:B VALUE:2073383015   RADIX:UVM_HEX BITS=32}
END @1315 {TXH:93 TIME=0}
FREE @1315 {TXH:93}
BEGIN @1315 {TXH:94 STREAM:4 NAME:tx TIME=0  TYPE="Begin_End, Link" LABEL:"" DESC=""}
  LINK @1315 {TXH1:2 TXH2:94 RELATION=child}
BEGIN @1345 {TXH:95 STREAM:10 NAME:tr TIME=0  TYPE="Begin_No_Parent, Link" LABEL:"" DESC=""}
BEGIN @1355 {TXH:96 STREAM:6 NAME:tr TIME=0  TYPE="Begin_No_Parent, Link" LABEL:"" DESC=""}
  SET_ATTR @1355 {TXH:94 NAME:A VALUE:3413573445   RADIX:UVM_HEX BITS=32}
  SET_ATTR @1355 {TXH:94 NAME:B VALUE:2073383015   RADIX:UVM_HEX BITS=32}
END @1355 {TXH:94 TIME=0}
FREE @1355 {TXH:94}
  SET_ATTR @1355 {TXH:95 NAME:data VALUE:723931965   RADIX:UVM_HEX BITS=32}
END @1355 {TXH:95 TIME=0}
FREE @1355 {TXH:95}
  SET_ATTR @1365 {TXH:96 NAME:A VALUE:3413573445   RADIX:UVM_HEX BITS=32}
  SET_ATTR @1365 {TXH:96 NAME:B VALUE:2073383015   RADIX:UVM_HEX BITS=32}
END @1365 {TXH:96 TIME=0}
FREE @1365 {TXH:96}
BEGIN @1375 {TXH:97 STREAM:1 NAME:tx TIME=0  TYPE="Begin_End, Link" LABEL:"" DESC=""}
  LINK @1375 {TXH1:2 TXH2:97 RELATION=child}
  SET_ATTR @1375 {TXH:97 NAME:A VALUE:2799892819   RADIX:UVM_HEX BITS=32}
  SET_ATTR @1375 {TXH:97 NAME:B VALUE:3816473543   RADIX:UVM_HEX BITS=32}
END @1375 {TXH:97 TIME=0}
FREE @1375 {TXH:97}
BEGIN @1375 {TXH:98 STREAM:4 NAME:tx TIME=0  TYPE="Begin_End, Link" LABEL:"" DESC=""}
  LINK @1375 {TXH1:2 TXH2:98 RELATION=child}
BEGIN @1405 {TXH:99 STREAM:10 NAME:tr TIME=0  TYPE="Begin_No_Parent, Link" LABEL:"" DESC=""}
BEGIN @1415 {TXH:100 STREAM:6 NAME:tr TIME=0  TYPE="Begin_No_Parent, Link" LABEL:"" DESC=""}
  SET_ATTR @1415 {TXH:98 NAME:A VALUE:2799892819   RADIX:UVM_HEX BITS=32}
  SET_ATTR @1415 {TXH:98 NAME:B VALUE:3816473543   RADIX:UVM_HEX BITS=32}
END @1415 {TXH:98 TIME=0}
FREE @1415 {TXH:98}
  SET_ATTR @1415 {TXH:99 NAME:data VALUE:4286578688   RADIX:UVM_HEX BITS=32}
END @1415 {TXH:99 TIME=0}
FREE @1415 {TXH:99}
  SET_ATTR @1425 {TXH:100 NAME:A VALUE:2799892819   RADIX:UVM_HEX BITS=32}
  SET_ATTR @1425 {TXH:100 NAME:B VALUE:3816473543   RADIX:UVM_HEX BITS=32}
END @1425 {TXH:100 TIME=0}
FREE @1425 {TXH:100}
BEGIN @1435 {TXH:101 STREAM:1 NAME:tx TIME=0  TYPE="Begin_End, Link" LABEL:"" DESC=""}
  LINK @1435 {TXH1:2 TXH2:101 RELATION=child}
  SET_ATTR @1435 {TXH:101 NAME:A VALUE:3038299759   RADIX:UVM_HEX BITS=32}
  SET_ATTR @1435 {TXH:101 NAME:B VALUE:3893807004   RADIX:UVM_HEX BITS=32}
END @1435 {TXH:101 TIME=0}
FREE @1435 {TXH:101}
BEGIN @1435 {TXH:102 STREAM:4 NAME:tx TIME=0  TYPE="Begin_End, Link" LABEL:"" DESC=""}
  LINK @1435 {TXH1:2 TXH2:102 RELATION=child}
BEGIN @1465 {TXH:103 STREAM:10 NAME:tr TIME=0  TYPE="Begin_No_Parent, Link" LABEL:"" DESC=""}
BEGIN @1475 {TXH:104 STREAM:6 NAME:tr TIME=0  TYPE="Begin_No_Parent, Link" LABEL:"" DESC=""}
  SET_ATTR @1475 {TXH:102 NAME:A VALUE:3038299759   RADIX:UVM_HEX BITS=32}
  SET_ATTR @1475 {TXH:102 NAME:B VALUE:3893807004   RADIX:UVM_HEX BITS=32}
END @1475 {TXH:102 TIME=0}
FREE @1475 {TXH:102}
  SET_ATTR @1475 {TXH:103 NAME:data VALUE:1256084751   RADIX:UVM_HEX BITS=32}
END @1475 {TXH:103 TIME=0}
FREE @1475 {TXH:103}
  SET_ATTR @1485 {TXH:104 NAME:A VALUE:3038299759   RADIX:UVM_HEX BITS=32}
  SET_ATTR @1485 {TXH:104 NAME:B VALUE:3893807004   RADIX:UVM_HEX BITS=32}
END @1485 {TXH:104 TIME=0}
FREE @1485 {TXH:104}
BEGIN @1495 {TXH:105 STREAM:1 NAME:tx TIME=0  TYPE="Begin_End, Link" LABEL:"" DESC=""}
  LINK @1495 {TXH1:2 TXH2:105 RELATION=child}
  SET_ATTR @1495 {TXH:105 NAME:A VALUE:1778436677   RADIX:UVM_HEX BITS=32}
  SET_ATTR @1495 {TXH:105 NAME:B VALUE:2353557030   RADIX:UVM_HEX BITS=32}
END @1495 {TXH:105 TIME=0}
FREE @1495 {TXH:105}
BEGIN @1495 {TXH:106 STREAM:4 NAME:tx TIME=0  TYPE="Begin_End, Link" LABEL:"" DESC=""}
  LINK @1495 {TXH1:2 TXH2:106 RELATION=child}
BEGIN @1525 {TXH:107 STREAM:10 NAME:tr TIME=0  TYPE="Begin_No_Parent, Link" LABEL:"" DESC=""}
BEGIN @1535 {TXH:108 STREAM:6 NAME:tr TIME=0  TYPE="Begin_No_Parent, Link" LABEL:"" DESC=""}
  SET_ATTR @1535 {TXH:106 NAME:A VALUE:1778436677   RADIX:UVM_HEX BITS=32}
  SET_ATTR @1535 {TXH:106 NAME:B VALUE:2353557030   RADIX:UVM_HEX BITS=32}
END @1535 {TXH:106 TIME=0}
FREE @1535 {TXH:106}
  SET_ATTR @1535 {TXH:107 NAME:data VALUE:1572075209   RADIX:UVM_HEX BITS=32}
END @1535 {TXH:107 TIME=0}
FREE @1535 {TXH:107}
  SET_ATTR @1545 {TXH:108 NAME:A VALUE:1778436677   RADIX:UVM_HEX BITS=32}
  SET_ATTR @1545 {TXH:108 NAME:B VALUE:2353557030   RADIX:UVM_HEX BITS=32}
END @1545 {TXH:108 TIME=0}
FREE @1545 {TXH:108}
BEGIN @1555 {TXH:109 STREAM:1 NAME:tx TIME=0  TYPE="Begin_End, Link" LABEL:"" DESC=""}
  LINK @1555 {TXH1:2 TXH2:109 RELATION=child}
  SET_ATTR @1555 {TXH:109 NAME:A VALUE:3087568070   RADIX:UVM_HEX BITS=32}
  SET_ATTR @1555 {TXH:109 NAME:B VALUE:357238882   RADIX:UVM_HEX BITS=32}
END @1555 {TXH:109 TIME=0}
FREE @1555 {TXH:109}
BEGIN @1555 {TXH:110 STREAM:4 NAME:tx TIME=0  TYPE="Begin_End, Link" LABEL:"" DESC=""}
  LINK @1555 {TXH1:2 TXH2:110 RELATION=child}
BEGIN @1585 {TXH:111 STREAM:10 NAME:tr TIME=0  TYPE="Begin_No_Parent, Link" LABEL:"" DESC=""}
BEGIN @1595 {TXH:112 STREAM:6 NAME:tr TIME=0  TYPE="Begin_No_Parent, Link" LABEL:"" DESC=""}
  SET_ATTR @1595 {TXH:110 NAME:A VALUE:3087568070   RADIX:UVM_HEX BITS=32}
  SET_ATTR @1595 {TXH:110 NAME:B VALUE:357238882   RADIX:UVM_HEX BITS=32}
END @1595 {TXH:110 TIME=0}
FREE @1595 {TXH:110}
  SET_ATTR @1595 {TXH:111 NAME:data VALUE:3066669792   RADIX:UVM_HEX BITS=32}
END @1595 {TXH:111 TIME=0}
FREE @1595 {TXH:111}
  SET_ATTR @1605 {TXH:112 NAME:A VALUE:3087568070   RADIX:UVM_HEX BITS=32}
  SET_ATTR @1605 {TXH:112 NAME:B VALUE:357238882   RADIX:UVM_HEX BITS=32}
END @1605 {TXH:112 TIME=0}
FREE @1605 {TXH:112}
BEGIN @1615 {TXH:113 STREAM:1 NAME:tx TIME=0  TYPE="Begin_End, Link" LABEL:"" DESC=""}
  LINK @1615 {TXH1:2 TXH2:113 RELATION=child}
  SET_ATTR @1615 {TXH:113 NAME:A VALUE:3913605622   RADIX:UVM_HEX BITS=32}
  SET_ATTR @1615 {TXH:113 NAME:B VALUE:1385076643   RADIX:UVM_HEX BITS=32}
END @1615 {TXH:113 TIME=0}
FREE @1615 {TXH:113}
BEGIN @1615 {TXH:114 STREAM:4 NAME:tx TIME=0  TYPE="Begin_End, Link" LABEL:"" DESC=""}
  LINK @1615 {TXH1:2 TXH2:114 RELATION=child}
BEGIN @1645 {TXH:115 STREAM:10 NAME:tr TIME=0  TYPE="Begin_No_Parent, Link" LABEL:"" DESC=""}
BEGIN @1655 {TXH:116 STREAM:6 NAME:tr TIME=0  TYPE="Begin_No_Parent, Link" LABEL:"" DESC=""}
  SET_ATTR @1655 {TXH:114 NAME:A VALUE:3913605622   RADIX:UVM_HEX BITS=32}
  SET_ATTR @1655 {TXH:114 NAME:B VALUE:1385076643   RADIX:UVM_HEX BITS=32}
END @1655 {TXH:114 TIME=0}
FREE @1655 {TXH:114}
  SET_ATTR @1655 {TXH:115 NAME:data VALUE:2379782195   RADIX:UVM_HEX BITS=32}
END @1655 {TXH:115 TIME=0}
FREE @1655 {TXH:115}
  SET_ATTR @1665 {TXH:116 NAME:A VALUE:3913605622   RADIX:UVM_HEX BITS=32}
  SET_ATTR @1665 {TXH:116 NAME:B VALUE:1385076643   RADIX:UVM_HEX BITS=32}
END @1665 {TXH:116 TIME=0}
FREE @1665 {TXH:116}
BEGIN @1675 {TXH:117 STREAM:1 NAME:tx TIME=0  TYPE="Begin_End, Link" LABEL:"" DESC=""}
  LINK @1675 {TXH1:2 TXH2:117 RELATION=child}
  SET_ATTR @1675 {TXH:117 NAME:A VALUE:2067343682   RADIX:UVM_HEX BITS=32}
  SET_ATTR @1675 {TXH:117 NAME:B VALUE:977174398   RADIX:UVM_HEX BITS=32}
END @1675 {TXH:117 TIME=0}
FREE @1675 {TXH:117}
BEGIN @1675 {TXH:118 STREAM:4 NAME:tx TIME=0  TYPE="Begin_End, Link" LABEL:"" DESC=""}
  LINK @1675 {TXH1:2 TXH2:118 RELATION=child}
BEGIN @1705 {TXH:119 STREAM:10 NAME:tr TIME=0  TYPE="Begin_No_Parent, Link" LABEL:"" DESC=""}
BEGIN @1715 {TXH:120 STREAM:6 NAME:tr TIME=0  TYPE="Begin_No_Parent, Link" LABEL:"" DESC=""}
  SET_ATTR @1715 {TXH:118 NAME:A VALUE:2067343682   RADIX:UVM_HEX BITS=32}
  SET_ATTR @1715 {TXH:118 NAME:B VALUE:977174398   RADIX:UVM_HEX BITS=32}
END @1715 {TXH:118 TIME=0}
FREE @1715 {TXH:118}
  SET_ATTR @1715 {TXH:119 NAME:data VALUE:4233843690   RADIX:UVM_HEX BITS=32}
END @1715 {TXH:119 TIME=0}
FREE @1715 {TXH:119}
  SET_ATTR @1725 {TXH:120 NAME:A VALUE:2067343682   RADIX:UVM_HEX BITS=32}
  SET_ATTR @1725 {TXH:120 NAME:B VALUE:977174398   RADIX:UVM_HEX BITS=32}
END @1725 {TXH:120 TIME=0}
FREE @1725 {TXH:120}
BEGIN @1735 {TXH:121 STREAM:1 NAME:tx TIME=0  TYPE="Begin_End, Link" LABEL:"" DESC=""}
  LINK @1735 {TXH1:2 TXH2:121 RELATION=child}
  SET_ATTR @1735 {TXH:121 NAME:A VALUE:378808866   RADIX:UVM_HEX BITS=32}
  SET_ATTR @1735 {TXH:121 NAME:B VALUE:1032434645   RADIX:UVM_HEX BITS=32}
END @1735 {TXH:121 TIME=0}
FREE @1735 {TXH:121}
BEGIN @1735 {TXH:122 STREAM:4 NAME:tx TIME=0  TYPE="Begin_End, Link" LABEL:"" DESC=""}
  LINK @1735 {TXH1:2 TXH2:122 RELATION=child}
BEGIN @1765 {TXH:123 STREAM:10 NAME:tr TIME=0  TYPE="Begin_No_Parent, Link" LABEL:"" DESC=""}
BEGIN @1775 {TXH:124 STREAM:6 NAME:tr TIME=0  TYPE="Begin_No_Parent, Link" LABEL:"" DESC=""}
  SET_ATTR @1775 {TXH:122 NAME:A VALUE:378808866   RADIX:UVM_HEX BITS=32}
  SET_ATTR @1775 {TXH:122 NAME:B VALUE:1032434645   RADIX:UVM_HEX BITS=32}
END @1775 {TXH:122 TIME=0}
FREE @1775 {TXH:122}
  SET_ATTR @1775 {TXH:123 NAME:data VALUE:1980352726   RADIX:UVM_HEX BITS=32}
END @1775 {TXH:123 TIME=0}
FREE @1775 {TXH:123}
  SET_ATTR @1785 {TXH:124 NAME:A VALUE:378808866   RADIX:UVM_HEX BITS=32}
  SET_ATTR @1785 {TXH:124 NAME:B VALUE:1032434645   RADIX:UVM_HEX BITS=32}
END @1785 {TXH:124 TIME=0}
FREE @1785 {TXH:124}
BEGIN @1795 {TXH:125 STREAM:1 NAME:tx TIME=0  TYPE="Begin_End, Link" LABEL:"" DESC=""}
  LINK @1795 {TXH1:2 TXH2:125 RELATION=child}
  SET_ATTR @1795 {TXH:125 NAME:A VALUE:4125287197   RADIX:UVM_HEX BITS=32}
  SET_ATTR @1795 {TXH:125 NAME:B VALUE:2255869364   RADIX:UVM_HEX BITS=32}
END @1795 {TXH:125 TIME=0}
FREE @1795 {TXH:125}
BEGIN @1795 {TXH:126 STREAM:4 NAME:tx TIME=0  TYPE="Begin_End, Link" LABEL:"" DESC=""}
  LINK @1795 {TXH1:2 TXH2:126 RELATION=child}
BEGIN @1825 {TXH:127 STREAM:10 NAME:tr TIME=0  TYPE="Begin_No_Parent, Link" LABEL:"" DESC=""}
BEGIN @1835 {TXH:128 STREAM:6 NAME:tr TIME=0  TYPE="Begin_No_Parent, Link" LABEL:"" DESC=""}
  SET_ATTR @1835 {TXH:126 NAME:A VALUE:4125287197   RADIX:UVM_HEX BITS=32}
  SET_ATTR @1835 {TXH:126 NAME:B VALUE:2255869364   RADIX:UVM_HEX BITS=32}
END @1835 {TXH:126 TIME=0}
FREE @1835 {TXH:126}
  SET_ATTR @1835 {TXH:127 NAME:data VALUE:345990466   RADIX:UVM_HEX BITS=32}
END @1835 {TXH:127 TIME=0}
FREE @1835 {TXH:127}
  SET_ATTR @1845 {TXH:128 NAME:A VALUE:4125287197   RADIX:UVM_HEX BITS=32}
  SET_ATTR @1845 {TXH:128 NAME:B VALUE:2255869364   RADIX:UVM_HEX BITS=32}
END @1845 {TXH:128 TIME=0}
FREE @1845 {TXH:128}
BEGIN @1855 {TXH:129 STREAM:1 NAME:tx TIME=0  TYPE="Begin_End, Link" LABEL:"" DESC=""}
  LINK @1855 {TXH1:2 TXH2:129 RELATION=child}
  SET_ATTR @1855 {TXH:129 NAME:A VALUE:785484068   RADIX:UVM_HEX BITS=32}
  SET_ATTR @1855 {TXH:129 NAME:B VALUE:3294069295   RADIX:UVM_HEX BITS=32}
END @1855 {TXH:129 TIME=0}
FREE @1855 {TXH:129}
BEGIN @1855 {TXH:130 STREAM:4 NAME:tx TIME=0  TYPE="Begin_End, Link" LABEL:"" DESC=""}
  LINK @1855 {TXH1:2 TXH2:130 RELATION=child}
BEGIN @1885 {TXH:131 STREAM:10 NAME:tr TIME=0  TYPE="Begin_No_Parent, Link" LABEL:"" DESC=""}
BEGIN @1895 {TXH:132 STREAM:6 NAME:tr TIME=0  TYPE="Begin_No_Parent, Link" LABEL:"" DESC=""}
  SET_ATTR @1895 {TXH:130 NAME:A VALUE:785484068   RADIX:UVM_HEX BITS=32}
  SET_ATTR @1895 {TXH:130 NAME:B VALUE:3294069295   RADIX:UVM_HEX BITS=32}
END @1895 {TXH:130 TIME=0}
FREE @1895 {TXH:130}
  SET_ATTR @1895 {TXH:131 NAME:data VALUE:1020911809   RADIX:UVM_HEX BITS=32}
END @1895 {TXH:131 TIME=0}
FREE @1895 {TXH:131}
  SET_ATTR @1905 {TXH:132 NAME:A VALUE:785484068   RADIX:UVM_HEX BITS=32}
  SET_ATTR @1905 {TXH:132 NAME:B VALUE:3294069295   RADIX:UVM_HEX BITS=32}
END @1905 {TXH:132 TIME=0}
FREE @1905 {TXH:132}
BEGIN @1915 {TXH:133 STREAM:1 NAME:tx TIME=0  TYPE="Begin_End, Link" LABEL:"" DESC=""}
  LINK @1915 {TXH1:2 TXH2:133 RELATION=child}
  SET_ATTR @1915 {TXH:133 NAME:A VALUE:3061458211   RADIX:UVM_HEX BITS=32}
  SET_ATTR @1915 {TXH:133 NAME:B VALUE:2837765930   RADIX:UVM_HEX BITS=32}
END @1915 {TXH:133 TIME=0}
FREE @1915 {TXH:133}
BEGIN @1915 {TXH:134 STREAM:4 NAME:tx TIME=0  TYPE="Begin_End, Link" LABEL:"" DESC=""}
  LINK @1915 {TXH1:2 TXH2:134 RELATION=child}
BEGIN @1945 {TXH:135 STREAM:10 NAME:tr TIME=0  TYPE="Begin_No_Parent, Link" LABEL:"" DESC=""}
BEGIN @1955 {TXH:136 STREAM:6 NAME:tr TIME=0  TYPE="Begin_No_Parent, Link" LABEL:"" DESC=""}
  SET_ATTR @1955 {TXH:134 NAME:A VALUE:3061458211   RADIX:UVM_HEX BITS=32}
  SET_ATTR @1955 {TXH:134 NAME:B VALUE:2837765930   RADIX:UVM_HEX BITS=32}
END @1955 {TXH:134 TIME=0}
FREE @1955 {TXH:134}
  SET_ATTR @1955 {TXH:135 NAME:data VALUE:3014681787   RADIX:UVM_HEX BITS=32}
END @1955 {TXH:135 TIME=0}
FREE @1955 {TXH:135}
  SET_ATTR @1965 {TXH:136 NAME:A VALUE:3061458211   RADIX:UVM_HEX BITS=32}
  SET_ATTR @1965 {TXH:136 NAME:B VALUE:2837765930   RADIX:UVM_HEX BITS=32}
END @1965 {TXH:136 TIME=0}
FREE @1965 {TXH:136}
BEGIN @1975 {TXH:137 STREAM:1 NAME:tx TIME=0  TYPE="Begin_End, Link" LABEL:"" DESC=""}
  LINK @1975 {TXH1:2 TXH2:137 RELATION=child}
  SET_ATTR @1975 {TXH:137 NAME:A VALUE:1544876891   RADIX:UVM_HEX BITS=32}
  SET_ATTR @1975 {TXH:137 NAME:B VALUE:1738059493   RADIX:UVM_HEX BITS=32}
END @1975 {TXH:137 TIME=0}
FREE @1975 {TXH:137}
BEGIN @1975 {TXH:138 STREAM:4 NAME:tx TIME=0  TYPE="Begin_End, Link" LABEL:"" DESC=""}
  LINK @1975 {TXH1:2 TXH2:138 RELATION=child}
BEGIN @2005 {TXH:139 STREAM:10 NAME:tr TIME=0  TYPE="Begin_No_Parent, Link" LABEL:"" DESC=""}
BEGIN @2015 {TXH:140 STREAM:6 NAME:tr TIME=0  TYPE="Begin_No_Parent, Link" LABEL:"" DESC=""}
  SET_ATTR @2015 {TXH:138 NAME:A VALUE:1544876891   RADIX:UVM_HEX BITS=32}
  SET_ATTR @2015 {TXH:138 NAME:B VALUE:1738059493   RADIX:UVM_HEX BITS=32}
END @2015 {TXH:138 TIME=0}
FREE @2015 {TXH:138}
  SET_ATTR @2015 {TXH:139 NAME:data VALUE:539040218   RADIX:UVM_HEX BITS=32}
END @2015 {TXH:139 TIME=0}
FREE @2015 {TXH:139}
  SET_ATTR @2025 {TXH:140 NAME:A VALUE:1544876891   RADIX:UVM_HEX BITS=32}
  SET_ATTR @2025 {TXH:140 NAME:B VALUE:1738059493   RADIX:UVM_HEX BITS=32}
END @2025 {TXH:140 TIME=0}
FREE @2025 {TXH:140}
BEGIN @2035 {TXH:141 STREAM:1 NAME:tx TIME=0  TYPE="Begin_End, Link" LABEL:"" DESC=""}
  LINK @2035 {TXH1:2 TXH2:141 RELATION=child}
  SET_ATTR @2035 {TXH:141 NAME:A VALUE:1961337323   RADIX:UVM_HEX BITS=32}
  SET_ATTR @2035 {TXH:141 NAME:B VALUE:2703619792   RADIX:UVM_HEX BITS=32}
END @2035 {TXH:141 TIME=0}
FREE @2035 {TXH:141}
BEGIN @2035 {TXH:142 STREAM:4 NAME:tx TIME=0  TYPE="Begin_End, Link" LABEL:"" DESC=""}
  LINK @2035 {TXH1:2 TXH2:142 RELATION=child}
BEGIN @2065 {TXH:143 STREAM:10 NAME:tr TIME=0  TYPE="Begin_No_Parent, Link" LABEL:"" DESC=""}
BEGIN @2075 {TXH:144 STREAM:6 NAME:tr TIME=0  TYPE="Begin_No_Parent, Link" LABEL:"" DESC=""}
  SET_ATTR @2075 {TXH:142 NAME:A VALUE:1961337323   RADIX:UVM_HEX BITS=32}
  SET_ATTR @2075 {TXH:142 NAME:B VALUE:2703619792   RADIX:UVM_HEX BITS=32}
END @2075 {TXH:142 TIME=0}
FREE @2075 {TXH:142}
  SET_ATTR @2075 {TXH:143 NAME:data VALUE:2139095040   RADIX:UVM_HEX BITS=32}
END @2075 {TXH:143 TIME=0}
FREE @2075 {TXH:143}
  SET_ATTR @2085 {TXH:144 NAME:A VALUE:1961337323   RADIX:UVM_HEX BITS=32}
  SET_ATTR @2085 {TXH:144 NAME:B VALUE:2703619792   RADIX:UVM_HEX BITS=32}
END @2085 {TXH:144 TIME=0}
FREE @2085 {TXH:144}
BEGIN @2095 {TXH:145 STREAM:1 NAME:tx TIME=0  TYPE="Begin_End, Link" LABEL:"" DESC=""}
  LINK @2095 {TXH1:2 TXH2:145 RELATION=child}
  SET_ATTR @2095 {TXH:145 NAME:A VALUE:1727143128   RADIX:UVM_HEX BITS=32}
  SET_ATTR @2095 {TXH:145 NAME:B VALUE:724064169   RADIX:UVM_HEX BITS=32}
END @2095 {TXH:145 TIME=0}
FREE @2095 {TXH:145}
BEGIN @2095 {TXH:146 STREAM:4 NAME:tx TIME=0  TYPE="Begin_End, Link" LABEL:"" DESC=""}
  LINK @2095 {TXH1:2 TXH2:146 RELATION=child}
BEGIN @2125 {TXH:147 STREAM:10 NAME:tr TIME=0  TYPE="Begin_No_Parent, Link" LABEL:"" DESC=""}
BEGIN @2135 {TXH:148 STREAM:6 NAME:tr TIME=0  TYPE="Begin_No_Parent, Link" LABEL:"" DESC=""}
  SET_ATTR @2135 {TXH:146 NAME:A VALUE:1727143128   RADIX:UVM_HEX BITS=32}
  SET_ATTR @2135 {TXH:146 NAME:B VALUE:724064169   RADIX:UVM_HEX BITS=32}
END @2135 {TXH:146 TIME=0}
FREE @2135 {TXH:146}
  SET_ATTR @2135 {TXH:147 NAME:data VALUE:3600165550   RADIX:UVM_HEX BITS=32}
END @2135 {TXH:147 TIME=0}
FREE @2135 {TXH:147}
  SET_ATTR @2145 {TXH:148 NAME:A VALUE:1727143128   RADIX:UVM_HEX BITS=32}
  SET_ATTR @2145 {TXH:148 NAME:B VALUE:724064169   RADIX:UVM_HEX BITS=32}
END @2145 {TXH:148 TIME=0}
FREE @2145 {TXH:148}
BEGIN @2155 {TXH:149 STREAM:1 NAME:tx TIME=0  TYPE="Begin_End, Link" LABEL:"" DESC=""}
  LINK @2155 {TXH1:2 TXH2:149 RELATION=child}
  SET_ATTR @2155 {TXH:149 NAME:A VALUE:246654637   RADIX:UVM_HEX BITS=32}
  SET_ATTR @2155 {TXH:149 NAME:B VALUE:1595147461   RADIX:UVM_HEX BITS=32}
END @2155 {TXH:149 TIME=0}
FREE @2155 {TXH:149}
BEGIN @2155 {TXH:150 STREAM:4 NAME:tx TIME=0  TYPE="Begin_End, Link" LABEL:"" DESC=""}
  LINK @2155 {TXH1:2 TXH2:150 RELATION=child}
BEGIN @2185 {TXH:151 STREAM:10 NAME:tr TIME=0  TYPE="Begin_No_Parent, Link" LABEL:"" DESC=""}
BEGIN @2195 {TXH:152 STREAM:6 NAME:tr TIME=0  TYPE="Begin_No_Parent, Link" LABEL:"" DESC=""}
  SET_ATTR @2195 {TXH:150 NAME:A VALUE:246654637   RADIX:UVM_HEX BITS=32}
  SET_ATTR @2195 {TXH:150 NAME:B VALUE:1595147461   RADIX:UVM_HEX BITS=32}
END @2195 {TXH:150 TIME=0}
FREE @2195 {TXH:150}
  SET_ATTR @2195 {TXH:151 NAME:data VALUE:1386165717   RADIX:UVM_HEX BITS=32}
END @2195 {TXH:151 TIME=0}
FREE @2195 {TXH:151}
  SET_ATTR @2205 {TXH:152 NAME:A VALUE:246654637   RADIX:UVM_HEX BITS=32}
  SET_ATTR @2205 {TXH:152 NAME:B VALUE:1595147461   RADIX:UVM_HEX BITS=32}
END @2205 {TXH:152 TIME=0}
FREE @2205 {TXH:152}
BEGIN @2215 {TXH:153 STREAM:1 NAME:tx TIME=0  TYPE="Begin_End, Link" LABEL:"" DESC=""}
  LINK @2215 {TXH1:2 TXH2:153 RELATION=child}
  SET_ATTR @2215 {TXH:153 NAME:A VALUE:1646293169   RADIX:UVM_HEX BITS=32}
  SET_ATTR @2215 {TXH:153 NAME:B VALUE:3201576091   RADIX:UVM_HEX BITS=32}
END @2215 {TXH:153 TIME=0}
FREE @2215 {TXH:153}
BEGIN @2215 {TXH:154 STREAM:4 NAME:tx TIME=0  TYPE="Begin_End, Link" LABEL:"" DESC=""}
  LINK @2215 {TXH1:2 TXH2:154 RELATION=child}
BEGIN @2245 {TXH:155 STREAM:10 NAME:tr TIME=0  TYPE="Begin_No_Parent, Link" LABEL:"" DESC=""}
BEGIN @2255 {TXH:156 STREAM:6 NAME:tr TIME=0  TYPE="Begin_No_Parent, Link" LABEL:"" DESC=""}
  SET_ATTR @2255 {TXH:154 NAME:A VALUE:1646293169   RADIX:UVM_HEX BITS=32}
  SET_ATTR @2255 {TXH:154 NAME:B VALUE:3201576091   RADIX:UVM_HEX BITS=32}
END @2255 {TXH:154 TIME=0}
FREE @2255 {TXH:154}
  SET_ATTR @2255 {TXH:155 NAME:data VALUE:776978282   RADIX:UVM_HEX BITS=32}
END @2255 {TXH:155 TIME=0}
FREE @2255 {TXH:155}
  SET_ATTR @2265 {TXH:156 NAME:A VALUE:1646293169   RADIX:UVM_HEX BITS=32}
  SET_ATTR @2265 {TXH:156 NAME:B VALUE:3201576091   RADIX:UVM_HEX BITS=32}
END @2265 {TXH:156 TIME=0}
FREE @2265 {TXH:156}
BEGIN @2275 {TXH:157 STREAM:1 NAME:tx TIME=0  TYPE="Begin_End, Link" LABEL:"" DESC=""}
  LINK @2275 {TXH1:2 TXH2:157 RELATION=child}
  SET_ATTR @2275 {TXH:157 NAME:A VALUE:3948884356   RADIX:UVM_HEX BITS=32}
  SET_ATTR @2275 {TXH:157 NAME:B VALUE:1247084803   RADIX:UVM_HEX BITS=32}
END @2275 {TXH:157 TIME=0}
FREE @2275 {TXH:157}
BEGIN @2275 {TXH:158 STREAM:4 NAME:tx TIME=0  TYPE="Begin_End, Link" LABEL:"" DESC=""}
  LINK @2275 {TXH1:2 TXH2:158 RELATION=child}
BEGIN @2305 {TXH:159 STREAM:10 NAME:tr TIME=0  TYPE="Begin_No_Parent, Link" LABEL:"" DESC=""}
BEGIN @2315 {TXH:160 STREAM:6 NAME:tr TIME=0  TYPE="Begin_No_Parent, Link" LABEL:"" DESC=""}
  SET_ATTR @2315 {TXH:158 NAME:A VALUE:3948884356   RADIX:UVM_HEX BITS=32}
  SET_ATTR @2315 {TXH:158 NAME:B VALUE:1247084803   RADIX:UVM_HEX BITS=32}
END @2315 {TXH:158 TIME=0}
FREE @2315 {TXH:158}
  SET_ATTR @2315 {TXH:159 NAME:data VALUE:3783588167   RADIX:UVM_HEX BITS=32}
END @2315 {TXH:159 TIME=0}
FREE @2315 {TXH:159}
  SET_ATTR @2325 {TXH:160 NAME:A VALUE:3948884356   RADIX:UVM_HEX BITS=32}
  SET_ATTR @2325 {TXH:160 NAME:B VALUE:1247084803   RADIX:UVM_HEX BITS=32}
END @2325 {TXH:160 TIME=0}
FREE @2325 {TXH:160}
BEGIN @2335 {TXH:161 STREAM:1 NAME:tx TIME=0  TYPE="Begin_End, Link" LABEL:"" DESC=""}
  LINK @2335 {TXH1:2 TXH2:161 RELATION=child}
  SET_ATTR @2335 {TXH:161 NAME:A VALUE:1637527070   RADIX:UVM_HEX BITS=32}
  SET_ATTR @2335 {TXH:161 NAME:B VALUE:818587330   RADIX:UVM_HEX BITS=32}
END @2335 {TXH:161 TIME=0}
FREE @2335 {TXH:161}
BEGIN @2335 {TXH:162 STREAM:4 NAME:tx TIME=0  TYPE="Begin_End, Link" LABEL:"" DESC=""}
  LINK @2335 {TXH1:2 TXH2:162 RELATION=child}
BEGIN @2365 {TXH:163 STREAM:10 NAME:tr TIME=0  TYPE="Begin_No_Parent, Link" LABEL:"" DESC=""}
BEGIN @2375 {TXH:164 STREAM:6 NAME:tr TIME=0  TYPE="Begin_No_Parent, Link" LABEL:"" DESC=""}
  SET_ATTR @2375 {TXH:162 NAME:A VALUE:1637527070   RADIX:UVM_HEX BITS=32}
  SET_ATTR @2375 {TXH:162 NAME:B VALUE:818587330   RADIX:UVM_HEX BITS=32}
END @2375 {TXH:162 TIME=0}
FREE @2375 {TXH:162}
  SET_ATTR @2375 {TXH:163 NAME:data VALUE:4130977045   RADIX:UVM_HEX BITS=32}
END @2375 {TXH:163 TIME=0}
FREE @2375 {TXH:163}
  SET_ATTR @2385 {TXH:164 NAME:A VALUE:1637527070   RADIX:UVM_HEX BITS=32}
  SET_ATTR @2385 {TXH:164 NAME:B VALUE:818587330   RADIX:UVM_HEX BITS=32}
END @2385 {TXH:164 TIME=0}
FREE @2385 {TXH:164}
BEGIN @2395 {TXH:165 STREAM:1 NAME:tx TIME=0  TYPE="Begin_End, Link" LABEL:"" DESC=""}
  LINK @2395 {TXH1:2 TXH2:165 RELATION=child}
  SET_ATTR @2395 {TXH:165 NAME:A VALUE:268764860   RADIX:UVM_HEX BITS=32}
  SET_ATTR @2395 {TXH:165 NAME:B VALUE:2202569796   RADIX:UVM_HEX BITS=32}
END @2395 {TXH:165 TIME=0}
FREE @2395 {TXH:165}
BEGIN @2395 {TXH:166 STREAM:4 NAME:tx TIME=0  TYPE="Begin_End, Link" LABEL:"" DESC=""}
  LINK @2395 {TXH1:2 TXH2:166 RELATION=child}
BEGIN @2425 {TXH:167 STREAM:10 NAME:tr TIME=0  TYPE="Begin_No_Parent, Link" LABEL:"" DESC=""}
BEGIN @2435 {TXH:168 STREAM:6 NAME:tr TIME=0  TYPE="Begin_No_Parent, Link" LABEL:"" DESC=""}
  SET_ATTR @2435 {TXH:166 NAME:A VALUE:268764860   RADIX:UVM_HEX BITS=32}
  SET_ATTR @2435 {TXH:166 NAME:B VALUE:2202569796   RADIX:UVM_HEX BITS=32}
END @2435 {TXH:166 TIME=0}
FREE @2435 {TXH:166}
  SET_ATTR @2435 {TXH:167 NAME:data VALUE:1391780940   RADIX:UVM_HEX BITS=32}
END @2435 {TXH:167 TIME=0}
FREE @2435 {TXH:167}
  SET_ATTR @2445 {TXH:168 NAME:A VALUE:268764860   RADIX:UVM_HEX BITS=32}
  SET_ATTR @2445 {TXH:168 NAME:B VALUE:2202569796   RADIX:UVM_HEX BITS=32}
END @2445 {TXH:168 TIME=0}
FREE @2445 {TXH:168}
BEGIN @2455 {TXH:169 STREAM:1 NAME:tx TIME=0  TYPE="Begin_End, Link" LABEL:"" DESC=""}
  LINK @2455 {TXH1:2 TXH2:169 RELATION=child}
  SET_ATTR @2455 {TXH:169 NAME:A VALUE:1106214409   RADIX:UVM_HEX BITS=32}
  SET_ATTR @2455 {TXH:169 NAME:B VALUE:4183870257   RADIX:UVM_HEX BITS=32}
END @2455 {TXH:169 TIME=0}
FREE @2455 {TXH:169}
BEGIN @2455 {TXH:170 STREAM:4 NAME:tx TIME=0  TYPE="Begin_End, Link" LABEL:"" DESC=""}
  LINK @2455 {TXH1:2 TXH2:170 RELATION=child}
BEGIN @2485 {TXH:171 STREAM:10 NAME:tr TIME=0  TYPE="Begin_No_Parent, Link" LABEL:"" DESC=""}
BEGIN @2495 {TXH:172 STREAM:6 NAME:tr TIME=0  TYPE="Begin_No_Parent, Link" LABEL:"" DESC=""}
  SET_ATTR @2495 {TXH:170 NAME:A VALUE:1106214409   RADIX:UVM_HEX BITS=32}
  SET_ATTR @2495 {TXH:170 NAME:B VALUE:4183870257   RADIX:UVM_HEX BITS=32}
END @2495 {TXH:170 TIME=0}
FREE @2495 {TXH:170}
  SET_ATTR @2495 {TXH:171 NAME:data VALUE:2147483648   RADIX:UVM_HEX BITS=32}
END @2495 {TXH:171 TIME=0}
FREE @2495 {TXH:171}
  SET_ATTR @2505 {TXH:172 NAME:A VALUE:1106214409   RADIX:UVM_HEX BITS=32}
  SET_ATTR @2505 {TXH:172 NAME:B VALUE:4183870257   RADIX:UVM_HEX BITS=32}
END @2505 {TXH:172 TIME=0}
FREE @2505 {TXH:172}
BEGIN @2515 {TXH:173 STREAM:1 NAME:tx TIME=0  TYPE="Begin_End, Link" LABEL:"" DESC=""}
  LINK @2515 {TXH1:2 TXH2:173 RELATION=child}
  SET_ATTR @2515 {TXH:173 NAME:A VALUE:4273562788   RADIX:UVM_HEX BITS=32}
  SET_ATTR @2515 {TXH:173 NAME:B VALUE:4156397442   RADIX:UVM_HEX BITS=32}
END @2515 {TXH:173 TIME=0}
FREE @2515 {TXH:173}
BEGIN @2515 {TXH:174 STREAM:4 NAME:tx TIME=0  TYPE="Begin_End, Link" LABEL:"" DESC=""}
  LINK @2515 {TXH1:2 TXH2:174 RELATION=child}
BEGIN @2545 {TXH:175 STREAM:10 NAME:tr TIME=0  TYPE="Begin_No_Parent, Link" LABEL:"" DESC=""}
BEGIN @2555 {TXH:176 STREAM:6 NAME:tr TIME=0  TYPE="Begin_No_Parent, Link" LABEL:"" DESC=""}
  SET_ATTR @2555 {TXH:174 NAME:A VALUE:4273562788   RADIX:UVM_HEX BITS=32}
  SET_ATTR @2555 {TXH:174 NAME:B VALUE:4156397442   RADIX:UVM_HEX BITS=32}
END @2555 {TXH:174 TIME=0}
FREE @2555 {TXH:174}
  SET_ATTR @2555 {TXH:175 NAME:data VALUE:4224863327   RADIX:UVM_HEX BITS=32}
END @2555 {TXH:175 TIME=0}
FREE @2555 {TXH:175}
  SET_ATTR @2565 {TXH:176 NAME:A VALUE:4273562788   RADIX:UVM_HEX BITS=32}
  SET_ATTR @2565 {TXH:176 NAME:B VALUE:4156397442   RADIX:UVM_HEX BITS=32}
END @2565 {TXH:176 TIME=0}
FREE @2565 {TXH:176}
BEGIN @2575 {TXH:177 STREAM:1 NAME:tx TIME=0  TYPE="Begin_End, Link" LABEL:"" DESC=""}
  LINK @2575 {TXH1:2 TXH2:177 RELATION=child}
  SET_ATTR @2575 {TXH:177 NAME:A VALUE:1937459090   RADIX:UVM_HEX BITS=32}
  SET_ATTR @2575 {TXH:177 NAME:B VALUE:999367748   RADIX:UVM_HEX BITS=32}
END @2575 {TXH:177 TIME=0}
FREE @2575 {TXH:177}
BEGIN @2575 {TXH:178 STREAM:4 NAME:tx TIME=0  TYPE="Begin_End, Link" LABEL:"" DESC=""}
  LINK @2575 {TXH1:2 TXH2:178 RELATION=child}
BEGIN @2605 {TXH:179 STREAM:10 NAME:tr TIME=0  TYPE="Begin_No_Parent, Link" LABEL:"" DESC=""}
BEGIN @2615 {TXH:180 STREAM:6 NAME:tr TIME=0  TYPE="Begin_No_Parent, Link" LABEL:"" DESC=""}
  SET_ATTR @2615 {TXH:178 NAME:A VALUE:1937459090   RADIX:UVM_HEX BITS=32}
  SET_ATTR @2615 {TXH:178 NAME:B VALUE:999367748   RADIX:UVM_HEX BITS=32}
END @2615 {TXH:178 TIME=0}
FREE @2615 {TXH:178}
  SET_ATTR @2615 {TXH:179 NAME:data VALUE:2139095040   RADIX:UVM_HEX BITS=32}
END @2615 {TXH:179 TIME=0}
FREE @2615 {TXH:179}
  SET_ATTR @2625 {TXH:180 NAME:A VALUE:1937459090   RADIX:UVM_HEX BITS=32}
  SET_ATTR @2625 {TXH:180 NAME:B VALUE:999367748   RADIX:UVM_HEX BITS=32}
END @2625 {TXH:180 TIME=0}
FREE @2625 {TXH:180}
BEGIN @2635 {TXH:181 STREAM:1 NAME:tx TIME=0  TYPE="Begin_End, Link" LABEL:"" DESC=""}
  LINK @2635 {TXH1:2 TXH2:181 RELATION=child}
  SET_ATTR @2635 {TXH:181 NAME:A VALUE:4036642459   RADIX:UVM_HEX BITS=32}
  SET_ATTR @2635 {TXH:181 NAME:B VALUE:1197094634   RADIX:UVM_HEX BITS=32}
END @2635 {TXH:181 TIME=0}
FREE @2635 {TXH:181}
BEGIN @2635 {TXH:182 STREAM:4 NAME:tx TIME=0  TYPE="Begin_End, Link" LABEL:"" DESC=""}
  LINK @2635 {TXH1:2 TXH2:182 RELATION=child}
BEGIN @2665 {TXH:183 STREAM:10 NAME:tr TIME=0  TYPE="Begin_No_Parent, Link" LABEL:"" DESC=""}
BEGIN @2675 {TXH:184 STREAM:6 NAME:tr TIME=0  TYPE="Begin_No_Parent, Link" LABEL:"" DESC=""}
  SET_ATTR @2675 {TXH:182 NAME:A VALUE:4036642459   RADIX:UVM_HEX BITS=32}
  SET_ATTR @2675 {TXH:182 NAME:B VALUE:1197094634   RADIX:UVM_HEX BITS=32}
END @2675 {TXH:182 TIME=0}
FREE @2675 {TXH:182}
  SET_ATTR @2675 {TXH:183 NAME:data VALUE:1871607587   RADIX:UVM_HEX BITS=32}
END @2675 {TXH:183 TIME=0}
FREE @2675 {TXH:183}
  SET_ATTR @2685 {TXH:184 NAME:A VALUE:4036642459   RADIX:UVM_HEX BITS=32}
  SET_ATTR @2685 {TXH:184 NAME:B VALUE:1197094634   RADIX:UVM_HEX BITS=32}
END @2685 {TXH:184 TIME=0}
FREE @2685 {TXH:184}
BEGIN @2695 {TXH:185 STREAM:1 NAME:tx TIME=0  TYPE="Begin_End, Link" LABEL:"" DESC=""}
  LINK @2695 {TXH1:2 TXH2:185 RELATION=child}
  SET_ATTR @2695 {TXH:185 NAME:A VALUE:3917401539   RADIX:UVM_HEX BITS=32}
  SET_ATTR @2695 {TXH:185 NAME:B VALUE:203933794   RADIX:UVM_HEX BITS=32}
END @2695 {TXH:185 TIME=0}
FREE @2695 {TXH:185}
BEGIN @2695 {TXH:186 STREAM:4 NAME:tx TIME=0  TYPE="Begin_End, Link" LABEL:"" DESC=""}
  LINK @2695 {TXH1:2 TXH2:186 RELATION=child}
BEGIN @2725 {TXH:187 STREAM:10 NAME:tr TIME=0  TYPE="Begin_No_Parent, Link" LABEL:"" DESC=""}
BEGIN @2735 {TXH:188 STREAM:6 NAME:tr TIME=0  TYPE="Begin_No_Parent, Link" LABEL:"" DESC=""}
  SET_ATTR @2735 {TXH:186 NAME:A VALUE:3917401539   RADIX:UVM_HEX BITS=32}
  SET_ATTR @2735 {TXH:186 NAME:B VALUE:203933794   RADIX:UVM_HEX BITS=32}
END @2735 {TXH:186 TIME=0}
FREE @2735 {TXH:186}
  SET_ATTR @2735 {TXH:187 NAME:data VALUE:4169367864   RADIX:UVM_HEX BITS=32}
END @2735 {TXH:187 TIME=0}
FREE @2735 {TXH:187}
  SET_ATTR @2745 {TXH:188 NAME:A VALUE:3917401539   RADIX:UVM_HEX BITS=32}
  SET_ATTR @2745 {TXH:188 NAME:B VALUE:203933794   RADIX:UVM_HEX BITS=32}
END @2745 {TXH:188 TIME=0}
FREE @2745 {TXH:188}
BEGIN @2755 {TXH:189 STREAM:1 NAME:tx TIME=0  TYPE="Begin_End, Link" LABEL:"" DESC=""}
  LINK @2755 {TXH1:2 TXH2:189 RELATION=child}
  SET_ATTR @2755 {TXH:189 NAME:A VALUE:1881716334   RADIX:UVM_HEX BITS=32}
  SET_ATTR @2755 {TXH:189 NAME:B VALUE:3244053105   RADIX:UVM_HEX BITS=32}
END @2755 {TXH:189 TIME=0}
FREE @2755 {TXH:189}
BEGIN @2755 {TXH:190 STREAM:4 NAME:tx TIME=0  TYPE="Begin_End, Link" LABEL:"" DESC=""}
  LINK @2755 {TXH1:2 TXH2:190 RELATION=child}
BEGIN @2785 {TXH:191 STREAM:10 NAME:tr TIME=0  TYPE="Begin_No_Parent, Link" LABEL:"" DESC=""}
BEGIN @2795 {TXH:192 STREAM:6 NAME:tr TIME=0  TYPE="Begin_No_Parent, Link" LABEL:"" DESC=""}
  SET_ATTR @2795 {TXH:190 NAME:A VALUE:1881716334   RADIX:UVM_HEX BITS=32}
  SET_ATTR @2795 {TXH:190 NAME:B VALUE:3244053105   RADIX:UVM_HEX BITS=32}
END @2795 {TXH:190 TIME=0}
FREE @2795 {TXH:190}
  SET_ATTR @2795 {TXH:191 NAME:data VALUE:3056009133   RADIX:UVM_HEX BITS=32}
END @2795 {TXH:191 TIME=0}
FREE @2795 {TXH:191}
  SET_ATTR @2805 {TXH:192 NAME:A VALUE:1881716334   RADIX:UVM_HEX BITS=32}
  SET_ATTR @2805 {TXH:192 NAME:B VALUE:3244053105   RADIX:UVM_HEX BITS=32}
END @2805 {TXH:192 TIME=0}
FREE @2805 {TXH:192}
BEGIN @2815 {TXH:193 STREAM:1 NAME:tx TIME=0  TYPE="Begin_End, Link" LABEL:"" DESC=""}
  LINK @2815 {TXH1:2 TXH2:193 RELATION=child}
  SET_ATTR @2815 {TXH:193 NAME:A VALUE:1774463054   RADIX:UVM_HEX BITS=32}
  SET_ATTR @2815 {TXH:193 NAME:B VALUE:1288052871   RADIX:UVM_HEX BITS=32}
END @2815 {TXH:193 TIME=0}
FREE @2815 {TXH:193}
BEGIN @2815 {TXH:194 STREAM:4 NAME:tx TIME=0  TYPE="Begin_End, Link" LABEL:"" DESC=""}
  LINK @2815 {TXH1:2 TXH2:194 RELATION=child}
BEGIN @2845 {TXH:195 STREAM:10 NAME:tr TIME=0  TYPE="Begin_No_Parent, Link" LABEL:"" DESC=""}
BEGIN @2855 {TXH:196 STREAM:6 NAME:tr TIME=0  TYPE="Begin_No_Parent, Link" LABEL:"" DESC=""}
  SET_ATTR @2855 {TXH:194 NAME:A VALUE:1774463054   RADIX:UVM_HEX BITS=32}
  SET_ATTR @2855 {TXH:194 NAME:B VALUE:1288052871   RADIX:UVM_HEX BITS=32}
END @2855 {TXH:194 TIME=0}
FREE @2855 {TXH:194}
  SET_ATTR @2855 {TXH:195 NAME:data VALUE:4061213467   RADIX:UVM_HEX BITS=32}
END @2855 {TXH:195 TIME=0}
FREE @2855 {TXH:195}
  SET_ATTR @2865 {TXH:196 NAME:A VALUE:1774463054   RADIX:UVM_HEX BITS=32}
  SET_ATTR @2865 {TXH:196 NAME:B VALUE:1288052871   RADIX:UVM_HEX BITS=32}
END @2865 {TXH:196 TIME=0}
FREE @2865 {TXH:196}
BEGIN @2875 {TXH:197 STREAM:1 NAME:tx TIME=0  TYPE="Begin_End, Link" LABEL:"" DESC=""}
  LINK @2875 {TXH1:2 TXH2:197 RELATION=child}
  SET_ATTR @2875 {TXH:197 NAME:A VALUE:1436771488   RADIX:UVM_HEX BITS=32}
  SET_ATTR @2875 {TXH:197 NAME:B VALUE:3619934878   RADIX:UVM_HEX BITS=32}
END @2875 {TXH:197 TIME=0}
FREE @2875 {TXH:197}
BEGIN @2875 {TXH:198 STREAM:4 NAME:tx TIME=0  TYPE="Begin_End, Link" LABEL:"" DESC=""}
  LINK @2875 {TXH1:2 TXH2:198 RELATION=child}
BEGIN @2905 {TXH:199 STREAM:10 NAME:tr TIME=0  TYPE="Begin_No_Parent, Link" LABEL:"" DESC=""}
BEGIN @2915 {TXH:200 STREAM:6 NAME:tr TIME=0  TYPE="Begin_No_Parent, Link" LABEL:"" DESC=""}
  SET_ATTR @2915 {TXH:198 NAME:A VALUE:1436771488   RADIX:UVM_HEX BITS=32}
  SET_ATTR @2915 {TXH:198 NAME:B VALUE:3619934878   RADIX:UVM_HEX BITS=32}
END @2915 {TXH:198 TIME=0}
FREE @2915 {TXH:198}
  SET_ATTR @2915 {TXH:199 NAME:data VALUE:1998049305   RADIX:UVM_HEX BITS=32}
END @2915 {TXH:199 TIME=0}
FREE @2915 {TXH:199}
  SET_ATTR @2925 {TXH:200 NAME:A VALUE:1436771488   RADIX:UVM_HEX BITS=32}
  SET_ATTR @2925 {TXH:200 NAME:B VALUE:3619934878   RADIX:UVM_HEX BITS=32}
END @2925 {TXH:200 TIME=0}
FREE @2925 {TXH:200}
BEGIN @2935 {TXH:201 STREAM:1 NAME:tx TIME=0  TYPE="Begin_End, Link" LABEL:"" DESC=""}
  LINK @2935 {TXH1:2 TXH2:201 RELATION=child}
  SET_ATTR @2935 {TXH:201 NAME:A VALUE:1111989750   RADIX:UVM_HEX BITS=32}
  SET_ATTR @2935 {TXH:201 NAME:B VALUE:1067334004   RADIX:UVM_HEX BITS=32}
END @2935 {TXH:201 TIME=0}
FREE @2935 {TXH:201}
BEGIN @2935 {TXH:202 STREAM:4 NAME:tx TIME=0  TYPE="Begin_End, Link" LABEL:"" DESC=""}
  LINK @2935 {TXH1:2 TXH2:202 RELATION=child}
BEGIN @2965 {TXH:203 STREAM:10 NAME:tr TIME=0  TYPE="Begin_No_Parent, Link" LABEL:"" DESC=""}
BEGIN @2975 {TXH:204 STREAM:6 NAME:tr TIME=0  TYPE="Begin_No_Parent, Link" LABEL:"" DESC=""}
  SET_ATTR @2975 {TXH:202 NAME:A VALUE:1111989750   RADIX:UVM_HEX BITS=32}
  SET_ATTR @2975 {TXH:202 NAME:B VALUE:1067334004   RADIX:UVM_HEX BITS=32}
END @2975 {TXH:202 TIME=0}
FREE @2975 {TXH:202}
  SET_ATTR @2975 {TXH:203 NAME:data VALUE:3992582183   RADIX:UVM_HEX BITS=32}
END @2975 {TXH:203 TIME=0}
FREE @2975 {TXH:203}
  SET_ATTR @2985 {TXH:204 NAME:A VALUE:1111989750   RADIX:UVM_HEX BITS=32}
  SET_ATTR @2985 {TXH:204 NAME:B VALUE:1067334004   RADIX:UVM_HEX BITS=32}
END @2985 {TXH:204 TIME=0}
FREE @2985 {TXH:204}
BEGIN @2995 {TXH:205 STREAM:1 NAME:tx TIME=0  TYPE="Begin_End, Link" LABEL:"" DESC=""}
  LINK @2995 {TXH1:2 TXH2:205 RELATION=child}
  SET_ATTR @2995 {TXH:205 NAME:A VALUE:3261521793   RADIX:UVM_HEX BITS=32}
  SET_ATTR @2995 {TXH:205 NAME:B VALUE:4024224161   RADIX:UVM_HEX BITS=32}
END @2995 {TXH:205 TIME=0}
FREE @2995 {TXH:205}
BEGIN @2995 {TXH:206 STREAM:4 NAME:tx TIME=0  TYPE="Begin_End, Link" LABEL:"" DESC=""}
  LINK @2995 {TXH1:2 TXH2:206 RELATION=child}
BEGIN @3025 {TXH:207 STREAM:10 NAME:tr TIME=0  TYPE="Begin_No_Parent, Link" LABEL:"" DESC=""}
BEGIN @3035 {TXH:208 STREAM:6 NAME:tr TIME=0  TYPE="Begin_No_Parent, Link" LABEL:"" DESC=""}
  SET_ATTR @3035 {TXH:206 NAME:A VALUE:3261521793   RADIX:UVM_HEX BITS=32}
  SET_ATTR @3035 {TXH:206 NAME:B VALUE:4024224161   RADIX:UVM_HEX BITS=32}
END @3035 {TXH:206 TIME=0}
FREE @3035 {TXH:206}
  SET_ATTR @3035 {TXH:207 NAME:data VALUE:1115078805   RADIX:UVM_HEX BITS=32}
END @3035 {TXH:207 TIME=0}
FREE @3035 {TXH:207}
  SET_ATTR @3045 {TXH:208 NAME:A VALUE:3261521793   RADIX:UVM_HEX BITS=32}
  SET_ATTR @3045 {TXH:208 NAME:B VALUE:4024224161   RADIX:UVM_HEX BITS=32}
END @3045 {TXH:208 TIME=0}
FREE @3045 {TXH:208}
BEGIN @3055 {TXH:209 STREAM:1 NAME:tx TIME=0  TYPE="Begin_End, Link" LABEL:"" DESC=""}
  LINK @3055 {TXH1:2 TXH2:209 RELATION=child}
  SET_ATTR @3055 {TXH:209 NAME:A VALUE:3185942541   RADIX:UVM_HEX BITS=32}
  SET_ATTR @3055 {TXH:209 NAME:B VALUE:2563643218   RADIX:UVM_HEX BITS=32}
END @3055 {TXH:209 TIME=0}
FREE @3055 {TXH:209}
BEGIN @3055 {TXH:210 STREAM:4 NAME:tx TIME=0  TYPE="Begin_End, Link" LABEL:"" DESC=""}
  LINK @3055 {TXH1:2 TXH2:210 RELATION=child}
BEGIN @3085 {TXH:211 STREAM:10 NAME:tr TIME=0  TYPE="Begin_No_Parent, Link" LABEL:"" DESC=""}
BEGIN @3095 {TXH:212 STREAM:6 NAME:tr TIME=0  TYPE="Begin_No_Parent, Link" LABEL:"" DESC=""}
  SET_ATTR @3095 {TXH:210 NAME:A VALUE:3185942541   RADIX:UVM_HEX BITS=32}
  SET_ATTR @3095 {TXH:210 NAME:B VALUE:2563643218   RADIX:UVM_HEX BITS=32}
END @3095 {TXH:210 TIME=0}
FREE @3095 {TXH:210}
  SET_ATTR @3095 {TXH:211 NAME:data VALUE:1925651946   RADIX:UVM_HEX BITS=32}
END @3095 {TXH:211 TIME=0}
FREE @3095 {TXH:211}
  SET_ATTR @3105 {TXH:212 NAME:A VALUE:3185942541   RADIX:UVM_HEX BITS=32}
  SET_ATTR @3105 {TXH:212 NAME:B VALUE:2563643218   RADIX:UVM_HEX BITS=32}
END @3105 {TXH:212 TIME=0}
FREE @3105 {TXH:212}
BEGIN @3115 {TXH:213 STREAM:1 NAME:tx TIME=0  TYPE="Begin_End, Link" LABEL:"" DESC=""}
  LINK @3115 {TXH1:2 TXH2:213 RELATION=child}
  SET_ATTR @3115 {TXH:213 NAME:A VALUE:3631628400   RADIX:UVM_HEX BITS=32}
  SET_ATTR @3115 {TXH:213 NAME:B VALUE:3195793936   RADIX:UVM_HEX BITS=32}
END @3115 {TXH:213 TIME=0}
FREE @3115 {TXH:213}
BEGIN @3115 {TXH:214 STREAM:4 NAME:tx TIME=0  TYPE="Begin_End, Link" LABEL:"" DESC=""}
  LINK @3115 {TXH1:2 TXH2:214 RELATION=child}
BEGIN @3145 {TXH:215 STREAM:10 NAME:tr TIME=0  TYPE="Begin_No_Parent, Link" LABEL:"" DESC=""}
BEGIN @3155 {TXH:216 STREAM:6 NAME:tr TIME=0  TYPE="Begin_No_Parent, Link" LABEL:"" DESC=""}
  SET_ATTR @3155 {TXH:214 NAME:A VALUE:3631628400   RADIX:UVM_HEX BITS=32}
  SET_ATTR @3155 {TXH:214 NAME:B VALUE:3195793936   RADIX:UVM_HEX BITS=32}
END @3155 {TXH:214 TIME=0}
FREE @3155 {TXH:214}
  SET_ATTR @3155 {TXH:215 NAME:data VALUE:389602229   RADIX:UVM_HEX BITS=32}
END @3155 {TXH:215 TIME=0}
FREE @3155 {TXH:215}
  SET_ATTR @3165 {TXH:216 NAME:A VALUE:3631628400   RADIX:UVM_HEX BITS=32}
  SET_ATTR @3165 {TXH:216 NAME:B VALUE:3195793936   RADIX:UVM_HEX BITS=32}
END @3165 {TXH:216 TIME=0}
FREE @3165 {TXH:216}
BEGIN @3175 {TXH:217 STREAM:1 NAME:tx TIME=0  TYPE="Begin_End, Link" LABEL:"" DESC=""}
  LINK @3175 {TXH1:2 TXH2:217 RELATION=child}
  SET_ATTR @3175 {TXH:217 NAME:A VALUE:48072737   RADIX:UVM_HEX BITS=32}
  SET_ATTR @3175 {TXH:217 NAME:B VALUE:2635766235   RADIX:UVM_HEX BITS=32}
END @3175 {TXH:217 TIME=0}
FREE @3175 {TXH:217}
BEGIN @3175 {TXH:218 STREAM:4 NAME:tx TIME=0  TYPE="Begin_End, Link" LABEL:"" DESC=""}
  LINK @3175 {TXH1:2 TXH2:218 RELATION=child}
BEGIN @3205 {TXH:219 STREAM:10 NAME:tr TIME=0  TYPE="Begin_No_Parent, Link" LABEL:"" DESC=""}
BEGIN @3215 {TXH:220 STREAM:6 NAME:tr TIME=0  TYPE="Begin_No_Parent, Link" LABEL:"" DESC=""}
  SET_ATTR @3215 {TXH:218 NAME:A VALUE:48072737   RADIX:UVM_HEX BITS=32}
  SET_ATTR @3215 {TXH:218 NAME:B VALUE:2635766235   RADIX:UVM_HEX BITS=32}
END @3215 {TXH:218 TIME=0}
FREE @3215 {TXH:218}
  SET_ATTR @3215 {TXH:219 NAME:data VALUE:1467111942   RADIX:UVM_HEX BITS=32}
END @3215 {TXH:219 TIME=0}
FREE @3215 {TXH:219}
  SET_ATTR @3225 {TXH:220 NAME:A VALUE:48072737   RADIX:UVM_HEX BITS=32}
  SET_ATTR @3225 {TXH:220 NAME:B VALUE:2635766235   RADIX:UVM_HEX BITS=32}
END @3225 {TXH:220 TIME=0}
FREE @3225 {TXH:220}
BEGIN @3235 {TXH:221 STREAM:1 NAME:tx TIME=0  TYPE="Begin_End, Link" LABEL:"" DESC=""}
  LINK @3235 {TXH1:2 TXH2:221 RELATION=child}
  SET_ATTR @3235 {TXH:221 NAME:A VALUE:69971449   RADIX:UVM_HEX BITS=32}
  SET_ATTR @3235 {TXH:221 NAME:B VALUE:2520594892   RADIX:UVM_HEX BITS=32}
END @3235 {TXH:221 TIME=0}
FREE @3235 {TXH:221}
BEGIN @3235 {TXH:222 STREAM:4 NAME:tx TIME=0  TYPE="Begin_End, Link" LABEL:"" DESC=""}
  LINK @3235 {TXH1:2 TXH2:222 RELATION=child}
BEGIN @3265 {TXH:223 STREAM:10 NAME:tr TIME=0  TYPE="Begin_No_Parent, Link" LABEL:"" DESC=""}
BEGIN @3275 {TXH:224 STREAM:6 NAME:tr TIME=0  TYPE="Begin_No_Parent, Link" LABEL:"" DESC=""}
  SET_ATTR @3275 {TXH:222 NAME:A VALUE:69971449   RADIX:UVM_HEX BITS=32}
  SET_ATTR @3275 {TXH:222 NAME:B VALUE:2520594892   RADIX:UVM_HEX BITS=32}
END @3275 {TXH:222 TIME=0}
FREE @3275 {TXH:222}
  SET_ATTR @3275 {TXH:223 NAME:data VALUE:2147483648   RADIX:UVM_HEX BITS=32}
END @3275 {TXH:223 TIME=0}
FREE @3275 {TXH:223}
  SET_ATTR @3285 {TXH:224 NAME:A VALUE:69971449   RADIX:UVM_HEX BITS=32}
  SET_ATTR @3285 {TXH:224 NAME:B VALUE:2520594892   RADIX:UVM_HEX BITS=32}
END @3285 {TXH:224 TIME=0}
FREE @3285 {TXH:224}
BEGIN @3295 {TXH:225 STREAM:1 NAME:tx TIME=0  TYPE="Begin_End, Link" LABEL:"" DESC=""}
  LINK @3295 {TXH1:2 TXH2:225 RELATION=child}
  SET_ATTR @3295 {TXH:225 NAME:A VALUE:1953219277   RADIX:UVM_HEX BITS=32}
  SET_ATTR @3295 {TXH:225 NAME:B VALUE:1325665225   RADIX:UVM_HEX BITS=32}
END @3295 {TXH:225 TIME=0}
FREE @3295 {TXH:225}
BEGIN @3295 {TXH:226 STREAM:4 NAME:tx TIME=0  TYPE="Begin_End, Link" LABEL:"" DESC=""}
  LINK @3295 {TXH1:2 TXH2:226 RELATION=child}
BEGIN @3325 {TXH:227 STREAM:10 NAME:tr TIME=0  TYPE="Begin_No_Parent, Link" LABEL:"" DESC=""}
BEGIN @3335 {TXH:228 STREAM:6 NAME:tr TIME=0  TYPE="Begin_No_Parent, Link" LABEL:"" DESC=""}
  SET_ATTR @3335 {TXH:226 NAME:A VALUE:1953219277   RADIX:UVM_HEX BITS=32}
  SET_ATTR @3335 {TXH:226 NAME:B VALUE:1325665225   RADIX:UVM_HEX BITS=32}
END @3335 {TXH:226 TIME=0}
FREE @3335 {TXH:226}
  SET_ATTR @3335 {TXH:227 NAME:data VALUE:2147483648   RADIX:UVM_HEX BITS=32}
END @3335 {TXH:227 TIME=0}
FREE @3335 {TXH:227}
  SET_ATTR @3345 {TXH:228 NAME:A VALUE:1953219277   RADIX:UVM_HEX BITS=32}
  SET_ATTR @3345 {TXH:228 NAME:B VALUE:1325665225   RADIX:UVM_HEX BITS=32}
END @3345 {TXH:228 TIME=0}
FREE @3345 {TXH:228}
BEGIN @3355 {TXH:229 STREAM:1 NAME:tx TIME=0  TYPE="Begin_End, Link" LABEL:"" DESC=""}
  LINK @3355 {TXH1:2 TXH2:229 RELATION=child}
  SET_ATTR @3355 {TXH:229 NAME:A VALUE:1036759395   RADIX:UVM_HEX BITS=32}
  SET_ATTR @3355 {TXH:229 NAME:B VALUE:3326597267   RADIX:UVM_HEX BITS=32}
END @3355 {TXH:229 TIME=0}
FREE @3355 {TXH:229}
BEGIN @3355 {TXH:230 STREAM:4 NAME:tx TIME=0  TYPE="Begin_End, Link" LABEL:"" DESC=""}
  LINK @3355 {TXH1:2 TXH2:230 RELATION=child}
BEGIN @3385 {TXH:231 STREAM:10 NAME:tr TIME=0  TYPE="Begin_No_Parent, Link" LABEL:"" DESC=""}
BEGIN @3395 {TXH:232 STREAM:6 NAME:tr TIME=0  TYPE="Begin_No_Parent, Link" LABEL:"" DESC=""}
  SET_ATTR @3395 {TXH:230 NAME:A VALUE:1036759395   RADIX:UVM_HEX BITS=32}
  SET_ATTR @3395 {TXH:230 NAME:B VALUE:3326597267   RADIX:UVM_HEX BITS=32}
END @3395 {TXH:230 TIME=0}
FREE @3395 {TXH:230}
  SET_ATTR @3395 {TXH:231 NAME:data VALUE:2139095040   RADIX:UVM_HEX BITS=32}
END @3395 {TXH:231 TIME=0}
FREE @3395 {TXH:231}
  SET_ATTR @3405 {TXH:232 NAME:A VALUE:1036759395   RADIX:UVM_HEX BITS=32}
  SET_ATTR @3405 {TXH:232 NAME:B VALUE:3326597267   RADIX:UVM_HEX BITS=32}
END @3405 {TXH:232 TIME=0}
FREE @3405 {TXH:232}
BEGIN @3415 {TXH:233 STREAM:1 NAME:tx TIME=0  TYPE="Begin_End, Link" LABEL:"" DESC=""}
  LINK @3415 {TXH1:2 TXH2:233 RELATION=child}
  SET_ATTR @3415 {TXH:233 NAME:A VALUE:938463625   RADIX:UVM_HEX BITS=32}
  SET_ATTR @3415 {TXH:233 NAME:B VALUE:2396117996   RADIX:UVM_HEX BITS=32}
END @3415 {TXH:233 TIME=0}
FREE @3415 {TXH:233}
BEGIN @3415 {TXH:234 STREAM:4 NAME:tx TIME=0  TYPE="Begin_End, Link" LABEL:"" DESC=""}
  LINK @3415 {TXH1:2 TXH2:234 RELATION=child}
BEGIN @3445 {TXH:235 STREAM:10 NAME:tr TIME=0  TYPE="Begin_No_Parent, Link" LABEL:"" DESC=""}
BEGIN @3455 {TXH:236 STREAM:6 NAME:tr TIME=0  TYPE="Begin_No_Parent, Link" LABEL:"" DESC=""}
  SET_ATTR @3455 {TXH:234 NAME:A VALUE:938463625   RADIX:UVM_HEX BITS=32}
  SET_ATTR @3455 {TXH:234 NAME:B VALUE:2396117996   RADIX:UVM_HEX BITS=32}
END @3455 {TXH:234 TIME=0}
FREE @3455 {TXH:234}
  SET_ATTR @3455 {TXH:235 NAME:data VALUE:3298755383   RADIX:UVM_HEX BITS=32}
END @3455 {TXH:235 TIME=0}
FREE @3455 {TXH:235}
  SET_ATTR @3465 {TXH:236 NAME:A VALUE:938463625   RADIX:UVM_HEX BITS=32}
  SET_ATTR @3465 {TXH:236 NAME:B VALUE:2396117996   RADIX:UVM_HEX BITS=32}
END @3465 {TXH:236 TIME=0}
FREE @3465 {TXH:236}
BEGIN @3475 {TXH:237 STREAM:1 NAME:tx TIME=0  TYPE="Begin_End, Link" LABEL:"" DESC=""}
  LINK @3475 {TXH1:2 TXH2:237 RELATION=child}
  SET_ATTR @3475 {TXH:237 NAME:A VALUE:3512808076   RADIX:UVM_HEX BITS=32}
  SET_ATTR @3475 {TXH:237 NAME:B VALUE:2967625437   RADIX:UVM_HEX BITS=32}
END @3475 {TXH:237 TIME=0}
FREE @3475 {TXH:237}
BEGIN @3475 {TXH:238 STREAM:4 NAME:tx TIME=0  TYPE="Begin_End, Link" LABEL:"" DESC=""}
  LINK @3475 {TXH1:2 TXH2:238 RELATION=child}
BEGIN @3505 {TXH:239 STREAM:10 NAME:tr TIME=0  TYPE="Begin_No_Parent, Link" LABEL:"" DESC=""}
BEGIN @3515 {TXH:240 STREAM:6 NAME:tr TIME=0  TYPE="Begin_No_Parent, Link" LABEL:"" DESC=""}
  SET_ATTR @3515 {TXH:238 NAME:A VALUE:3512808076   RADIX:UVM_HEX BITS=32}
  SET_ATTR @3515 {TXH:238 NAME:B VALUE:2967625437   RADIX:UVM_HEX BITS=32}
END @3515 {TXH:238 TIME=0}
FREE @3515 {TXH:238}
  SET_ATTR @3515 {TXH:239 NAME:data VALUE:2269419542   RADIX:UVM_HEX BITS=32}
END @3515 {TXH:239 TIME=0}
FREE @3515 {TXH:239}
  SET_ATTR @3525 {TXH:240 NAME:A VALUE:3512808076   RADIX:UVM_HEX BITS=32}
  SET_ATTR @3525 {TXH:240 NAME:B VALUE:2967625437   RADIX:UVM_HEX BITS=32}
END @3525 {TXH:240 TIME=0}
FREE @3525 {TXH:240}
BEGIN @3535 {TXH:241 STREAM:1 NAME:tx TIME=0  TYPE="Begin_End, Link" LABEL:"" DESC=""}
  LINK @3535 {TXH1:2 TXH2:241 RELATION=child}
  SET_ATTR @3535 {TXH:241 NAME:A VALUE:3335520344   RADIX:UVM_HEX BITS=32}
  SET_ATTR @3535 {TXH:241 NAME:B VALUE:1734826974   RADIX:UVM_HEX BITS=32}
END @3535 {TXH:241 TIME=0}
FREE @3535 {TXH:241}
BEGIN @3535 {TXH:242 STREAM:4 NAME:tx TIME=0  TYPE="Begin_End, Link" LABEL:"" DESC=""}
  LINK @3535 {TXH1:2 TXH2:242 RELATION=child}
BEGIN @3565 {TXH:243 STREAM:10 NAME:tr TIME=0  TYPE="Begin_No_Parent, Link" LABEL:"" DESC=""}
BEGIN @3575 {TXH:244 STREAM:6 NAME:tr TIME=0  TYPE="Begin_No_Parent, Link" LABEL:"" DESC=""}
  SET_ATTR @3575 {TXH:242 NAME:A VALUE:3335520344   RADIX:UVM_HEX BITS=32}
  SET_ATTR @3575 {TXH:242 NAME:B VALUE:1734826974   RADIX:UVM_HEX BITS=32}
END @3575 {TXH:242 TIME=0}
FREE @3575 {TXH:242}
  SET_ATTR @3575 {TXH:243 NAME:data VALUE:1120346643   RADIX:UVM_HEX BITS=32}
END @3575 {TXH:243 TIME=0}
FREE @3575 {TXH:243}
  SET_ATTR @3585 {TXH:244 NAME:A VALUE:3335520344   RADIX:UVM_HEX BITS=32}
  SET_ATTR @3585 {TXH:244 NAME:B VALUE:1734826974   RADIX:UVM_HEX BITS=32}
END @3585 {TXH:244 TIME=0}
FREE @3585 {TXH:244}
BEGIN @3595 {TXH:245 STREAM:1 NAME:tx TIME=0  TYPE="Begin_End, Link" LABEL:"" DESC=""}
  LINK @3595 {TXH1:2 TXH2:245 RELATION=child}
  SET_ATTR @3595 {TXH:245 NAME:A VALUE:874323444   RADIX:UVM_HEX BITS=32}
  SET_ATTR @3595 {TXH:245 NAME:B VALUE:3339903393   RADIX:UVM_HEX BITS=32}
END @3595 {TXH:245 TIME=0}
FREE @3595 {TXH:245}
BEGIN @3595 {TXH:246 STREAM:4 NAME:tx TIME=0  TYPE="Begin_End, Link" LABEL:"" DESC=""}
  LINK @3595 {TXH1:2 TXH2:246 RELATION=child}
BEGIN @3625 {TXH:247 STREAM:10 NAME:tr TIME=0  TYPE="Begin_No_Parent, Link" LABEL:"" DESC=""}
BEGIN @3635 {TXH:248 STREAM:6 NAME:tr TIME=0  TYPE="Begin_No_Parent, Link" LABEL:"" DESC=""}
  SET_ATTR @3635 {TXH:246 NAME:A VALUE:874323444   RADIX:UVM_HEX BITS=32}
  SET_ATTR @3635 {TXH:246 NAME:B VALUE:3339903393   RADIX:UVM_HEX BITS=32}
END @3635 {TXH:246 TIME=0}
FREE @3635 {TXH:246}
  SET_ATTR @3635 {TXH:247 NAME:data VALUE:4005296884   RADIX:UVM_HEX BITS=32}
END @3635 {TXH:247 TIME=0}
FREE @3635 {TXH:247}
  SET_ATTR @3645 {TXH:248 NAME:A VALUE:874323444   RADIX:UVM_HEX BITS=32}
  SET_ATTR @3645 {TXH:248 NAME:B VALUE:3339903393   RADIX:UVM_HEX BITS=32}
END @3645 {TXH:248 TIME=0}
FREE @3645 {TXH:248}
BEGIN @3655 {TXH:249 STREAM:1 NAME:tx TIME=0  TYPE="Begin_End, Link" LABEL:"" DESC=""}
  LINK @3655 {TXH1:2 TXH2:249 RELATION=child}
  SET_ATTR @3655 {TXH:249 NAME:A VALUE:1778563994   RADIX:UVM_HEX BITS=32}
  SET_ATTR @3655 {TXH:249 NAME:B VALUE:3890478202   RADIX:UVM_HEX BITS=32}
END @3655 {TXH:249 TIME=0}
FREE @3655 {TXH:249}
BEGIN @3655 {TXH:250 STREAM:4 NAME:tx TIME=0  TYPE="Begin_End, Link" LABEL:"" DESC=""}
  LINK @3655 {TXH1:2 TXH2:250 RELATION=child}
BEGIN @3685 {TXH:251 STREAM:10 NAME:tr TIME=0  TYPE="Begin_No_Parent, Link" LABEL:"" DESC=""}
BEGIN @3695 {TXH:252 STREAM:6 NAME:tr TIME=0  TYPE="Begin_No_Parent, Link" LABEL:"" DESC=""}
  SET_ATTR @3695 {TXH:250 NAME:A VALUE:1778563994   RADIX:UVM_HEX BITS=32}
  SET_ATTR @3695 {TXH:250 NAME:B VALUE:3890478202   RADIX:UVM_HEX BITS=32}
END @3695 {TXH:250 TIME=0}
FREE @3695 {TXH:250}
  SET_ATTR @3695 {TXH:251 NAME:data VALUE:3149155103   RADIX:UVM_HEX BITS=32}
END @3695 {TXH:251 TIME=0}
FREE @3695 {TXH:251}
  SET_ATTR @3705 {TXH:252 NAME:A VALUE:1778563994   RADIX:UVM_HEX BITS=32}
  SET_ATTR @3705 {TXH:252 NAME:B VALUE:3890478202   RADIX:UVM_HEX BITS=32}
END @3705 {TXH:252 TIME=0}
FREE @3705 {TXH:252}
BEGIN @3715 {TXH:253 STREAM:1 NAME:tx TIME=0  TYPE="Begin_End, Link" LABEL:"" DESC=""}
  LINK @3715 {TXH1:2 TXH2:253 RELATION=child}
  SET_ATTR @3715 {TXH:253 NAME:A VALUE:966729293   RADIX:UVM_HEX BITS=32}
  SET_ATTR @3715 {TXH:253 NAME:B VALUE:1390763847   RADIX:UVM_HEX BITS=32}
END @3715 {TXH:253 TIME=0}
FREE @3715 {TXH:253}
BEGIN @3715 {TXH:254 STREAM:4 NAME:tx TIME=0  TYPE="Begin_End, Link" LABEL:"" DESC=""}
  LINK @3715 {TXH1:2 TXH2:254 RELATION=child}
BEGIN @3745 {TXH:255 STREAM:10 NAME:tr TIME=0  TYPE="Begin_No_Parent, Link" LABEL:"" DESC=""}
BEGIN @3755 {TXH:256 STREAM:6 NAME:tr TIME=0  TYPE="Begin_No_Parent, Link" LABEL:"" DESC=""}
  SET_ATTR @3755 {TXH:254 NAME:A VALUE:966729293   RADIX:UVM_HEX BITS=32}
  SET_ATTR @3755 {TXH:254 NAME:B VALUE:1390763847   RADIX:UVM_HEX BITS=32}
END @3755 {TXH:254 TIME=0}
FREE @3755 {TXH:254}
  SET_ATTR @3755 {TXH:255 NAME:data VALUE:4286578688   RADIX:UVM_HEX BITS=32}
END @3755 {TXH:255 TIME=0}
FREE @3755 {TXH:255}
  SET_ATTR @3765 {TXH:256 NAME:A VALUE:966729293   RADIX:UVM_HEX BITS=32}
  SET_ATTR @3765 {TXH:256 NAME:B VALUE:1390763847   RADIX:UVM_HEX BITS=32}
END @3765 {TXH:256 TIME=0}
FREE @3765 {TXH:256}
BEGIN @3775 {TXH:257 STREAM:1 NAME:tx TIME=0  TYPE="Begin_End, Link" LABEL:"" DESC=""}
  LINK @3775 {TXH1:2 TXH2:257 RELATION=child}
  SET_ATTR @3775 {TXH:257 NAME:A VALUE:4060926317   RADIX:UVM_HEX BITS=32}
  SET_ATTR @3775 {TXH:257 NAME:B VALUE:532341165   RADIX:UVM_HEX BITS=32}
END @3775 {TXH:257 TIME=0}
FREE @3775 {TXH:257}
BEGIN @3775 {TXH:258 STREAM:4 NAME:tx TIME=0  TYPE="Begin_End, Link" LABEL:"" DESC=""}
  LINK @3775 {TXH1:2 TXH2:258 RELATION=child}
BEGIN @3805 {TXH:259 STREAM:10 NAME:tr TIME=0  TYPE="Begin_No_Parent, Link" LABEL:"" DESC=""}
BEGIN @3815 {TXH:260 STREAM:6 NAME:tr TIME=0  TYPE="Begin_No_Parent, Link" LABEL:"" DESC=""}
  SET_ATTR @3815 {TXH:258 NAME:A VALUE:4060926317   RADIX:UVM_HEX BITS=32}
  SET_ATTR @3815 {TXH:258 NAME:B VALUE:532341165   RADIX:UVM_HEX BITS=32}
END @3815 {TXH:258 TIME=0}
FREE @3815 {TXH:258}
  SET_ATTR @3815 {TXH:259 NAME:data VALUE:1292800339   RADIX:UVM_HEX BITS=32}
END @3815 {TXH:259 TIME=0}
FREE @3815 {TXH:259}
  SET_ATTR @3825 {TXH:260 NAME:A VALUE:4060926317   RADIX:UVM_HEX BITS=32}
  SET_ATTR @3825 {TXH:260 NAME:B VALUE:532341165   RADIX:UVM_HEX BITS=32}
END @3825 {TXH:260 TIME=0}
FREE @3825 {TXH:260}
BEGIN @3835 {TXH:261 STREAM:1 NAME:tx TIME=0  TYPE="Begin_End, Link" LABEL:"" DESC=""}
  LINK @3835 {TXH1:2 TXH2:261 RELATION=child}
  SET_ATTR @3835 {TXH:261 NAME:A VALUE:2012210426   RADIX:UVM_HEX BITS=32}
  SET_ATTR @3835 {TXH:261 NAME:B VALUE:115068029   RADIX:UVM_HEX BITS=32}
END @3835 {TXH:261 TIME=0}
FREE @3835 {TXH:261}
BEGIN @3835 {TXH:262 STREAM:4 NAME:tx TIME=0  TYPE="Begin_End, Link" LABEL:"" DESC=""}
  LINK @3835 {TXH1:2 TXH2:262 RELATION=child}
BEGIN @3865 {TXH:263 STREAM:10 NAME:tr TIME=0  TYPE="Begin_No_Parent, Link" LABEL:"" DESC=""}
BEGIN @3875 {TXH:264 STREAM:6 NAME:tr TIME=0  TYPE="Begin_No_Parent, Link" LABEL:"" DESC=""}
  SET_ATTR @3875 {TXH:262 NAME:A VALUE:2012210426   RADIX:UVM_HEX BITS=32}
  SET_ATTR @3875 {TXH:262 NAME:B VALUE:115068029   RADIX:UVM_HEX BITS=32}
END @3875 {TXH:262 TIME=0}
FREE @3875 {TXH:262}
  SET_ATTR @3875 {TXH:263 NAME:data VALUE:3528300697   RADIX:UVM_HEX BITS=32}
END @3875 {TXH:263 TIME=0}
FREE @3875 {TXH:263}
  SET_ATTR @3885 {TXH:264 NAME:A VALUE:2012210426   RADIX:UVM_HEX BITS=32}
  SET_ATTR @3885 {TXH:264 NAME:B VALUE:115068029   RADIX:UVM_HEX BITS=32}
END @3885 {TXH:264 TIME=0}
FREE @3885 {TXH:264}
BEGIN @3895 {TXH:265 STREAM:1 NAME:tx TIME=0  TYPE="Begin_End, Link" LABEL:"" DESC=""}
  LINK @3895 {TXH1:2 TXH2:265 RELATION=child}
  SET_ATTR @3895 {TXH:265 NAME:A VALUE:2768212564   RADIX:UVM_HEX BITS=32}
  SET_ATTR @3895 {TXH:265 NAME:B VALUE:4037103683   RADIX:UVM_HEX BITS=32}
END @3895 {TXH:265 TIME=0}
FREE @3895 {TXH:265}
BEGIN @3895 {TXH:266 STREAM:4 NAME:tx TIME=0  TYPE="Begin_End, Link" LABEL:"" DESC=""}
  LINK @3895 {TXH1:2 TXH2:266 RELATION=child}
BEGIN @3925 {TXH:267 STREAM:10 NAME:tr TIME=0  TYPE="Begin_No_Parent, Link" LABEL:"" DESC=""}
BEGIN @3935 {TXH:268 STREAM:6 NAME:tr TIME=0  TYPE="Begin_No_Parent, Link" LABEL:"" DESC=""}
  SET_ATTR @3935 {TXH:266 NAME:A VALUE:2768212564   RADIX:UVM_HEX BITS=32}
  SET_ATTR @3935 {TXH:266 NAME:B VALUE:4037103683   RADIX:UVM_HEX BITS=32}
END @3935 {TXH:266 TIME=0}
FREE @3935 {TXH:266}
  SET_ATTR @3935 {TXH:267 NAME:data VALUE:1062074497   RADIX:UVM_HEX BITS=32}
END @3935 {TXH:267 TIME=0}
FREE @3935 {TXH:267}
  SET_ATTR @3945 {TXH:268 NAME:A VALUE:2768212564   RADIX:UVM_HEX BITS=32}
  SET_ATTR @3945 {TXH:268 NAME:B VALUE:4037103683   RADIX:UVM_HEX BITS=32}
END @3945 {TXH:268 TIME=0}
FREE @3945 {TXH:268}
BEGIN @3955 {TXH:269 STREAM:1 NAME:tx TIME=0  TYPE="Begin_End, Link" LABEL:"" DESC=""}
  LINK @3955 {TXH1:2 TXH2:269 RELATION=child}
  SET_ATTR @3955 {TXH:269 NAME:A VALUE:933122992   RADIX:UVM_HEX BITS=32}
  SET_ATTR @3955 {TXH:269 NAME:B VALUE:2098971737   RADIX:UVM_HEX BITS=32}
END @3955 {TXH:269 TIME=0}
FREE @3955 {TXH:269}
BEGIN @3955 {TXH:270 STREAM:4 NAME:tx TIME=0  TYPE="Begin_End, Link" LABEL:"" DESC=""}
  LINK @3955 {TXH1:2 TXH2:270 RELATION=child}
BEGIN @3985 {TXH:271 STREAM:10 NAME:tr TIME=0  TYPE="Begin_No_Parent, Link" LABEL:"" DESC=""}
BEGIN @3995 {TXH:272 STREAM:6 NAME:tr TIME=0  TYPE="Begin_No_Parent, Link" LABEL:"" DESC=""}
  SET_ATTR @3995 {TXH:270 NAME:A VALUE:933122992   RADIX:UVM_HEX BITS=32}
  SET_ATTR @3995 {TXH:270 NAME:B VALUE:2098971737   RADIX:UVM_HEX BITS=32}
END @3995 {TXH:270 TIME=0}
FREE @3995 {TXH:270}
  SET_ATTR @3995 {TXH:271 NAME:data VALUE:1445006119   RADIX:UVM_HEX BITS=32}
END @3995 {TXH:271 TIME=0}
FREE @3995 {TXH:271}
